max:
	k: 7 - a: 0.433905899925

max:
	k: 7 - p: 0.504132286976

k: 1 - a: 0.379387602689 - p: 0.432975275968
k: 2 - a: 0.379387602689 - p: 0.432975275968
k: 3 - a: 0.400298730396 - p: 0.454347157144
k: 4 - a: 0.412247946229 - p: 0.470123932278
k: 5 - a: 0.427931292009 - p: 0.48993232785
k: 6 - a: 0.433159073936 - p: 0.49866854398
k: 7 - a: 0.433905899925 - p: 0.504132286976
k: 8 - a: 0.432412247946 - p: 0.499156519357
k: 9 - a: 0.432412247946 - p: 0.49933940895
k: 10 - a: 0.42643764003 - p: 0.498928571737

    KNeighborsClassifier
    k: 1 neighbors
    accuracy: 0.379387602689
    precision: 0.432975275968
    Matrix:

[[ 2  1  3 ...,  1  2  0]
 [ 2 14  0 ...,  1  0  0]
 [ 3  2  0 ...,  0  1  0]
 ..., 
 [ 0  0  0 ..., 19  0  0]
 [ 0  1  1 ...,  1 10  0]
 [ 0  0  0 ...,  0  0  7]]
    

    KNeighborsClassifier
    k: 2 neighbors
    accuracy: 0.379387602689
    precision: 0.432975275968
    Matrix:

[[ 2  1  3 ...,  1  2  0]
 [ 2 14  0 ...,  1  0  0]
 [ 3  2  0 ...,  0  1  0]
 ..., 
 [ 0  0  0 ..., 19  0  0]
 [ 0  1  1 ...,  1 10  0]
 [ 0  0  0 ...,  0  0  7]]
    

    KNeighborsClassifier
    k: 3 neighbors
    accuracy: 0.400298730396
    precision: 0.454347157144
    Matrix:

[[ 3  1  1 ...,  1  2  0]
 [ 2 15  0 ...,  1  0  0]
 [ 3  2  0 ...,  0  1  0]
 ..., 
 [ 0  0  0 ..., 19  0  0]
 [ 0  0  1 ...,  1 12  0]
 [ 0  0  0 ...,  0  0  5]]
    

    KNeighborsClassifier
    k: 4 neighbors
    accuracy: 0.412247946229
    precision: 0.470123932278
    Matrix:

[[ 3  2  1 ...,  1  1  0]
 [ 2 15  0 ...,  1  0  0]
 [ 3  2  0 ...,  1  1  0]
 ..., 
 [ 0  0  0 ..., 19  0  0]
 [ 0  0  0 ...,  1 14  0]
 [ 0  0  0 ...,  0  0  6]]
    

    KNeighborsClassifier
    k: 5 neighbors
    accuracy: 0.427931292009
    precision: 0.48993232785
    Matrix:

[[ 7  1  1 ...,  2  0  0]
 [ 2 15  0 ...,  1  0  0]
 [ 4  2  0 ...,  0  2  0]
 ..., 
 [ 0  0  0 ..., 19  0  0]
 [ 1  0  0 ...,  1 13  0]
 [ 0  0  0 ...,  0  0  7]]
    

    KNeighborsClassifier
    k: 6 neighbors
    accuracy: 0.433159073936
    precision: 0.49866854398
    Matrix:

[[ 8  2  1 ...,  1  0  0]
 [ 1 16  0 ...,  1  0  0]
 [ 4  1  1 ...,  0  2  0]
 ..., 
 [ 0  0  0 ..., 18  0  0]
 [ 0  0  1 ...,  0 14  0]
 [ 0  0  0 ...,  0  0  8]]
    

    KNeighborsClassifier
    k: 7 neighbors
    accuracy: 0.433905899925
    precision: 0.504132286976
    Matrix:

[[ 8  2  1 ...,  1  0  0]
 [ 1 16  0 ...,  1  0  0]
 [ 3  2  1 ...,  0  2  0]
 ..., 
 [ 0  0  0 ..., 18  0  0]
 [ 1  1  1 ...,  0 12  0]
 [ 0  0  0 ...,  0  0  8]]
    

    KNeighborsClassifier
    k: 8 neighbors
    accuracy: 0.432412247946
    precision: 0.499156519357
    Matrix:

[[ 7  2  1 ...,  1  0  0]
 [ 1 16  0 ...,  1  0  0]
 [ 5  1  1 ...,  0  2  0]
 ..., 
 [ 0  0  0 ..., 18  0  0]
 [ 1  0  1 ...,  0 12  0]
 [ 0  0  0 ...,  0  0  9]]
    

    KNeighborsClassifier
    k: 9 neighbors
    accuracy: 0.432412247946
    precision: 0.49933940895
    Matrix:

[[ 7  2  1 ...,  1  0  0]
 [ 1 15  0 ...,  2  0  0]
 [ 6  0  1 ...,  0  2  0]
 ..., 
 [ 0  0  0 ..., 18  0  0]
 [ 1  1  1 ...,  0 10  0]
 [ 0  0  0 ...,  0  0  9]]
    

    KNeighborsClassifier
    k: 10 neighbors
    accuracy: 0.42643764003
    precision: 0.498928571737
    Matrix:

[[ 6  3  1 ...,  1  0  0]
 [ 1 16  0 ...,  1  0  0]
 [ 6  0  0 ...,  0  3  0]
 ..., 
 [ 0  0  0 ..., 18  0  0]
 [ 1  0  1 ...,  0 11  0]
 [ 0  0  0 ...,  0  0  9]]
    
