max:
	k: 10 - a: 0.905472636816

max:
	k: 10 - p: 0.916337237324

k: 1 - a: 0.850746268657 - p: 0.859679462694
k: 2 - a: 0.850746268657 - p: 0.859679462694
k: 3 - a: 0.850746268657 - p: 0.855524202893
k: 4 - a: 0.865671641791 - p: 0.872515717398
k: 5 - a: 0.870646766169 - p: 0.880655276522
k: 6 - a: 0.880597014925 - p: 0.889465185993
k: 7 - a: 0.890547263682 - p: 0.903331869419
k: 8 - a: 0.900497512438 - p: 0.914354600396
k: 9 - a: 0.900497512438 - p: 0.913896761134
k: 10 - a: 0.905472636816 - p: 0.916337237324
k: 11 - a: 0.900497512438 - p: 0.911201124984
k: 12 - a: 0.89552238806 - p: 0.905691809738
k: 13 - a: 0.880597014925 - p: 0.891097680098
k: 14 - a: 0.875621890547 - p: 0.886991023682
k: 15 - a: 0.865671641791 - p: 0.879574921266
k: 16 - a: 0.875621890547 - p: 0.889573966339
k: 17 - a: 0.875621890547 - p: 0.889716416481
k: 18 - a: 0.880597014925 - p: 0.895170492849
k: 19 - a: 0.870646766169 - p: 0.885825522517
k: 20 - a: 0.870646766169 - p: 0.885764472456
k: 21 - a: 0.870646766169 - p: 0.888535636477
k: 22 - a: 0.880597014925 - p: 0.899253909432
k: 23 - a: 0.870646766169 - p: 0.891379599833
k: 24 - a: 0.865671641791 - p: 0.883581084696
k: 25 - a: 0.855721393035 - p: 0.8772583633
k: 26 - a: 0.860696517413 - p: 0.880874531989
k: 27 - a: 0.860696517413 - p: 0.880874531989
k: 28 - a: 0.860696517413 - p: 0.880874531989
k: 29 - a: 0.855721393035 - p: 0.881045309112
k: 30 - a: 0.8407960199 - p: 0.871683470039
k: 31 - a: 0.850746268657 - p: 0.876207279563
k: 32 - a: 0.855721393035 - p: 0.883187229437
k: 33 - a: 0.850746268657 - p: 0.880847327959
k: 34 - a: 0.850746268657 - p: 0.876996753247
k: 35 - a: 0.845771144279 - p: 0.872605569718
k: 36 - a: 0.8407960199 - p: 0.876505201787
k: 37 - a: 0.845771144279 - p: 0.880768952742
k: 38 - a: 0.8407960199 - p: 0.876115273089
k: 39 - a: 0.835820895522 - p: 0.873947628905
k: 40 - a: 0.835820895522 - p: 0.881144598602
k: 41 - a: 0.830845771144 - p: 0.871415730978
k: 42 - a: 0.830845771144 - p: 0.871783737418
k: 43 - a: 0.830845771144 - p: 0.871415730978
k: 44 - a: 0.825870646766 - p: 0.869633199784
k: 45 - a: 0.81592039801 - p: 0.863977376849
k: 46 - a: 0.825870646766 - p: 0.868826327182
k: 47 - a: 0.830845771144 - p: 0.87919397424
k: 48 - a: 0.81592039801 - p: 0.867833694084
k: 49 - a: 0.825870646766 - p: 0.874180163706
k: 50 - a: 0.81592039801 - p: 0.86077020202
k: 51 - a: 0.810945273632 - p: 0.85821437649
k: 52 - a: 0.810945273632 - p: 0.861256187098
k: 53 - a: 0.800995024876 - p: 0.852982377574
k: 54 - a: 0.805970149254 - p: 0.857446663288
k: 55 - a: 0.800995024876 - p: 0.852982377574
k: 56 - a: 0.800995024876 - p: 0.853112247704
k: 57 - a: 0.800995024876 - p: 0.853112247704
k: 58 - a: 0.805970149254 - p: 0.85544381372
k: 59 - a: 0.805970149254 - p: 0.85544381372
k: 60 - a: 0.800995024876 - p: 0.853112247704
k: 61 - a: 0.805970149254 - p: 0.85544381372
k: 62 - a: 0.805970149254 - p: 0.85544381372
k: 63 - a: 0.805970149254 - p: 0.85544381372
k: 64 - a: 0.810945273632 - p: 0.859540134066
k: 65 - a: 0.810945273632 - p: 0.859540134066
k: 66 - a: 0.800995024876 - p: 0.853112247704
k: 67 - a: 0.800995024876 - p: 0.853112247704
k: 68 - a: 0.800995024876 - p: 0.853112247704
k: 69 - a: 0.800995024876 - p: 0.853112247704
k: 70 - a: 0.800995024876 - p: 0.853112247704
k: 71 - a: 0.805970149254 - p: 0.859542920847
k: 72 - a: 0.805970149254 - p: 0.859542920847
k: 73 - a: 0.805970149254 - p: 0.859542920847
k: 74 - a: 0.805970149254 - p: 0.859542920847
k: 75 - a: 0.805970149254 - p: 0.859542920847
k: 76 - a: 0.805970149254 - p: 0.859542920847
k: 77 - a: 0.805970149254 - p: 0.859542920847
k: 78 - a: 0.805970149254 - p: 0.859542920847
k: 79 - a: 0.805970149254 - p: 0.859542920847
k: 80 - a: 0.805970149254 - p: 0.859542920847
k: 81 - a: 0.805970149254 - p: 0.859542920847
k: 82 - a: 0.810945273632 - p: 0.860892448513
k: 83 - a: 0.810945273632 - p: 0.859208946829
k: 84 - a: 0.805970149254 - p: 0.857859419164
k: 85 - a: 0.810945273632 - p: 0.859208946829
k: 86 - a: 0.805970149254 - p: 0.856748308053
k: 87 - a: 0.800995024876 - p: 0.865357855687
k: 88 - a: 0.805970149254 - p: 0.866325156325
k: 89 - a: 0.805970149254 - p: 0.86891516794
k: 90 - a: 0.796019900498 - p: 0.865685787081
k: 91 - a: 0.796019900498 - p: 0.865685787081
k: 92 - a: 0.796019900498 - p: 0.865685787081
k: 93 - a: 0.796019900498 - p: 0.866646308042
k: 94 - a: 0.796019900498 - p: 0.865108225108
k: 95 - a: 0.796019900498 - p: 0.868438228438
k: 96 - a: 0.796019900498 - p: 0.865108225108
k: 97 - a: 0.796019900498 - p: 0.868438228438
k: 98 - a: 0.796019900498 - p: 0.868438228438
k: 99 - a: 0.796019900498 - p: 0.868438228438
k: 100 - a: 0.796019900498 - p: 0.868438228438

    KNeighborsClassifier
    k: 1 neighbors
    accuracy: 0.850746268657
    precision: 0.859679462694
    Matrix:

[[20  0  0  0  0  0  0  0  0  0]
 [ 1 15  1  2  0  1  0  2  0  0]
 [ 1  1 15  1  0  1  1  0  0  0]
 [ 0  1  0 17  0  1  0  1  0  0]
 [ 0  0  1  0 18  0  0  0  0  0]
 [ 0  0  0  0  0 19  1  0  0  0]
 [ 6  0  0  0  0  1 13  1  0  0]
 [ 0  0  0  0  0  1  1 16  0  2]
 [ 0  0  0  0  0  0  0  0 19  1]
 [ 0  0  0  0  0  0  0  0  0 19]]
    

    KNeighborsClassifier
    k: 2 neighbors
    accuracy: 0.850746268657
    precision: 0.859679462694
    Matrix:

[[20  0  0  0  0  0  0  0  0  0]
 [ 1 15  1  2  0  1  0  2  0  0]
 [ 1  1 15  1  0  1  1  0  0  0]
 [ 0  1  0 17  0  1  0  1  0  0]
 [ 0  0  1  0 18  0  0  0  0  0]
 [ 0  0  0  0  0 19  1  0  0  0]
 [ 6  0  0  0  0  1 13  1  0  0]
 [ 0  0  0  0  0  1  1 16  0  2]
 [ 0  0  0  0  0  0  0  0 19  1]
 [ 0  0  0  0  0  0  0  0  0 19]]
    

    KNeighborsClassifier
    k: 3 neighbors
    accuracy: 0.850746268657
    precision: 0.855524202893
    Matrix:

[[20  0  0  0  0  0  0  0  0  0]
 [ 0 18  1  0  0  1  1  1  0  0]
 [ 1  0 16  1  0  1  1  0  0  0]
 [ 0  1  0 17  0  1  0  1  0  0]
 [ 0  0  1  0 18  0  0  0  0  0]
 [ 0  0  0  0  0 19  1  0  0  0]
 [ 6  0  0  0  0  3  8  3  0  1]
 [ 0  0  0  0  0  1  1 17  0  1]
 [ 0  0  0  0  0  0  0  0 19  1]
 [ 0  0  0  0  0  0  0  0  0 19]]
    

    KNeighborsClassifier
    k: 4 neighbors
    accuracy: 0.865671641791
    precision: 0.872515717398
    Matrix:

[[20  0  0  0  0  0  0  0  0  0]
 [ 0 19  1  0  0  0  1  1  0  0]
 [ 1  0 15  1  0  2  1  0  0  0]
 [ 0  1  0 17  0  1  0  1  0  0]
 [ 0  0  1  0 18  0  0  0  0  0]
 [ 0  0  0  0  0 19  1  0  0  0]
 [ 6  0  0  0  0  2 11  2  0  0]
 [ 0  0  0  0  0  1  1 17  0  1]
 [ 0  0  0  0  0  0  0  0 19  1]
 [ 0  0  0  0  0  0  0  0  0 19]]
    

    KNeighborsClassifier
    k: 5 neighbors
    accuracy: 0.870646766169
    precision: 0.880655276522
    Matrix:

[[20  0  0  0  0  0  0  0  0  0]
 [ 0 20  1  0  0  0  1  0  0  0]
 [ 1  0 15  1  0  3  0  0  0  0]
 [ 0  1  0 16  0  1  0  2  0  0]
 [ 0  0  1  0 18  0  0  0  0  0]
 [ 0  0  0  0  0 19  1  0  0  0]
 [ 5  0  0  0  0  2 12  2  0  0]
 [ 0  0  0  0  0  0  0 18  0  2]
 [ 0  0  0  0  0  0  0  0 18  2]
 [ 0  0  0  0  0  0  0  0  0 19]]
    

    KNeighborsClassifier
    k: 6 neighbors
    accuracy: 0.880597014925
    precision: 0.889465185993
    Matrix:

[[20  0  0  0  0  0  0  0  0  0]
 [ 0 19  1  0  0  0  1  1  0  0]
 [ 1  0 16  1  0  2  0  0  0  0]
 [ 0  1  0 16  0  1  0  2  0  0]
 [ 0  0  1  0 18  0  0  0  0  0]
 [ 0  0  0  0  0 19  1  0  0  0]
 [ 5  0  0  0  0  1 14  1  0  0]
 [ 0  0  0  0  0  0  0 18  0  2]
 [ 0  0  0  0  0  0  0  0 18  2]
 [ 0  0  0  0  0  0  0  0  0 19]]
    

    KNeighborsClassifier
    k: 7 neighbors
    accuracy: 0.890547263682
    precision: 0.903331869419
    Matrix:

[[20  0  0  0  0  0  0  0  0  0]
 [ 1 19  1  0  0  0  0  1  0  0]
 [ 1  0 16  0  0  2  0  0  0  1]
 [ 0  0  0 17  0  1  0  2  0  0]
 [ 0  0  1  0 18  0  0  0  0  0]
 [ 0  0  0  0  0 19  1  0  0  0]
 [ 5  0  0  0  0  1 14  1  0  0]
 [ 0  0  0  0  0  0  0 18  0  2]
 [ 0  0  0  0  0  0  0  0 19  1]
 [ 0  0  0  0  0  0  0  0  0 19]]
    

    KNeighborsClassifier
    k: 8 neighbors
    accuracy: 0.900497512438
    precision: 0.914354600396
    Matrix:

[[20  0  0  0  0  0  0  0  0  0]
 [ 1 18  1  0  0  1  0  1  0  0]
 [ 0  0 17  0  0  2  0  0  0  1]
 [ 0  0  0 17  0  0  0  3  0  0]
 [ 0  0  1  0 18  0  0  0  0  0]
 [ 0  0  0  0  0 20  0  0  0  0]
 [ 5  0  0  0  0  1 14  1  0  0]
 [ 0  0  0  0  0  0  0 18  0  2]
 [ 0  0  0  0  0  0  0  0 20  0]
 [ 0  0  0  0  0  0  0  0  0 19]]
    

    KNeighborsClassifier
    k: 9 neighbors
    accuracy: 0.900497512438
    precision: 0.913896761134
    Matrix:

[[20  0  0  0  0  0  0  0  0  0]
 [ 1 19  1  0  0  1  0  0  0  0]
 [ 0  0 17  0  0  2  0  0  0  1]
 [ 0  0  0 16  0  1  0  3  0  0]
 [ 0  0  1  0 18  0  0  0  0  0]
 [ 0  0  0  0  0 20  0  0  0  0]
 [ 5  0  0  0  0  0 16  0  0  0]
 [ 0  0  0  0  0  0  0 17  0  3]
 [ 0  0  0  0  0  0  0  0 19  1]
 [ 0  0  0  0  0  0  0  0  0 19]]
    

    KNeighborsClassifier
    k: 10 neighbors
    accuracy: 0.905472636816
    precision: 0.916337237324
    Matrix:

[[20  0  0  0  0  0  0  0  0  0]
 [ 0 19  1  0  0  1  1  0  0  0]
 [ 0  0 17  0  0  3  0  0  0  0]
 [ 0  0  0 16  0  1  0  3  0  0]
 [ 0  0  1  0 18  0  0  0  0  0]
 [ 0  0  0  0  0 20  0  0  0  0]
 [ 5  0  0  0  0  1 15  0  0  0]
 [ 0  0  0  0  0  0  0 18  0  2]
 [ 0  0  0  0  0  0  0  0 20  0]
 [ 0  0  0  0  0  0  0  0  0 19]]
    

    KNeighborsClassifier
    k: 11 neighbors
    accuracy: 0.900497512438
    precision: 0.911201124984
    Matrix:

[[20  0  0  0  0  0  0  0  0  0]
 [ 0 19  1  0  0  1  1  0  0  0]
 [ 1  0 16  0  0  3  0  0  0  0]
 [ 0  0  0 16  0  1  1  2  0  0]
 [ 0  0  0  0 19  0  0  0  0  0]
 [ 0  0  0  0  0 19  1  0  0  0]
 [ 5  0  0  0  0  0 16  0  0  0]
 [ 0  0  0  0  0  1  0 17  0  2]
 [ 0  0  0  0  0  0  0  0 20  0]
 [ 0  0  0  0  0  0  0  0  0 19]]
    

    KNeighborsClassifier
    k: 12 neighbors
    accuracy: 0.89552238806
    precision: 0.905691809738
    Matrix:

[[20  0  0  0  0  0  0  0  0  0]
 [ 0 19  1  0  0  1  1  0  0  0]
 [ 1  0 16  0  0  3  0  0  0  0]
 [ 0  0  0 15  0  1  1  2  0  1]
 [ 0  0  0  0 19  0  0  0  0  0]
 [ 0  0  0  0  0 19  1  0  0  0]
 [ 4  0  0  0  0  0 16  1  0  0]
 [ 0  0  0  0  0  1  0 17  0  2]
 [ 0  0  0  0  0  0  0  0 20  0]
 [ 0  0  0  0  0  0  0  0  0 19]]
    

    KNeighborsClassifier
    k: 13 neighbors
    accuracy: 0.880597014925
    precision: 0.891097680098
    Matrix:

[[20  0  0  0  0  0  0  0  0  0]
 [ 0 19  1  0  0  1  1  0  0  0]
 [ 1  0 16  0  0  3  0  0  0  0]
 [ 0  0  0 15  0  1  1  2  0  1]
 [ 0  0  1  0 18  0  0  0  0  0]
 [ 0  0  0  0  0 19  1  0  0  0]
 [ 5  0  0  0  0  0 15  1  0  0]
 [ 0  0  0  0  0  1  0 17  0  2]
 [ 0  0  0  0  0  0  0  0 20  0]
 [ 0  0  0  0  0  0  0  0  1 18]]
    

    KNeighborsClassifier
    k: 14 neighbors
    accuracy: 0.875621890547
    precision: 0.886991023682
    Matrix:

[[20  0  0  0  0  0  0  0  0  0]
 [ 0 19  1  0  0  1  1  0  0  0]
 [ 1  0 16  0  0  3  0  0  0  0]
 [ 0  0  0 15  0  1  1  2  0  1]
 [ 0  0  0  0 19  0  0  0  0  0]
 [ 0  0  0  0  0 19  1  0  0  0]
 [ 5  0  0  0  0  1 13  1  1  0]
 [ 0  0  0  0  0  1  0 17  0  2]
 [ 0  0  0  0  0  0  0  0 20  0]
 [ 0  0  0  0  0  0  0  0  1 18]]
    

    KNeighborsClassifier
    k: 15 neighbors
    accuracy: 0.865671641791
    precision: 0.879574921266
    Matrix:

[[20  0  0  0  0  0  0  0  0  0]
 [ 1 18  1  0  0  1  1  0  0  0]
 [ 1  0 16  0  0  3  0  0  0  0]
 [ 0  0  0 14  0  2  1  2  0  1]
 [ 0  0  0  0 19  0  0  0  0  0]
 [ 0  0  0  0  0 19  1  0  0  0]
 [ 5  0  0  0  1  0 13  1  0  1]
 [ 0  0  0  0  0  1  0 17  0  2]
 [ 0  0  0  0  0  0  0  0 20  0]
 [ 0  0  0  0  0  0  0  0  1 18]]
    

    KNeighborsClassifier
    k: 16 neighbors
    accuracy: 0.875621890547
    precision: 0.889573966339
    Matrix:

[[20  0  0  0  0  0  0  0  0  0]
 [ 1 18  1  0  0  1  1  0  0  0]
 [ 1  0 16  0  0  3  0  0  0  0]
 [ 0  0  0 15  0  1  1  2  0  1]
 [ 0  0  0  0 19  0  0  0  0  0]
 [ 0  0  0  0  0 19  1  0  0  0]
 [ 5  0  0  0  0  1 14  1  0  0]
 [ 0  0  0  0  0  1  0 17  0  2]
 [ 0  0  0  0  0  0  0  0 20  0]
 [ 0  0  0  0  0  0  0  0  1 18]]
    

    KNeighborsClassifier
    k: 17 neighbors
    accuracy: 0.875621890547
    precision: 0.889716416481
    Matrix:

[[20  0  0  0  0  0  0  0  0  0]
 [ 1 18  1  0  0  1  1  0  0  0]
 [ 0  0 16  0  0  4  0  0  0  0]
 [ 0  0  0 15  0  1  1  2  0  1]
 [ 0  0  0  0 19  0  0  0  0  0]
 [ 0  0  0  0  0 19  1  0  0  0]
 [ 5  0  0  0  0  1 14  1  0  0]
 [ 0  0  0  0  0  1  0 17  0  2]
 [ 0  0  0  0  0  0  0  0 20  0]
 [ 0  0  0  0  0  0  0  0  1 18]]
    

    KNeighborsClassifier
    k: 18 neighbors
    accuracy: 0.880597014925
    precision: 0.895170492849
    Matrix:

[[20  0  0  0  0  0  0  0  0  0]
 [ 1 18  1  0  0  1  1  0  0  0]
 [ 0  0 16  0  0  4  0  0  0  0]
 [ 0  0  0 15  0  1  1  2  0  1]
 [ 0  0  0  0 19  0  0  0  0  0]
 [ 0  0  0  0  0 19  1  0  0  0]
 [ 5  0  0  0  0  1 15  0  0  0]
 [ 0  0  0  0  0  1  0 17  0  2]
 [ 0  0  0  0  0  0  0  0 20  0]
 [ 0  0  0  0  0  0  0  0  1 18]]
    

    KNeighborsClassifier
    k: 19 neighbors
    accuracy: 0.870646766169
    precision: 0.885825522517
    Matrix:

[[20  0  0  0  0  0  0  0  0  0]
 [ 1 18  1  0  0  1  1  0  0  0]
 [ 1  0 16  0  0  3  0  0  0  0]
 [ 0  0  0 15  0  1  1  2  0  1]
 [ 0  0  0  0 19  0  0  0  0  0]
 [ 0  0  0  0  0 19  1  0  0  0]
 [ 6  0  0  0  0  1 13  1  0  0]
 [ 0  0  0  0  0  1  0 17  0  2]
 [ 0  0  0  0  0  0  0  0 20  0]
 [ 0  0  0  0  0  0  0  0  1 18]]
    

    KNeighborsClassifier
    k: 20 neighbors
    accuracy: 0.870646766169
    precision: 0.885764472456
    Matrix:

[[20  0  0  0  0  0  0  0  0  0]
 [ 1 18  1  0  0  1  1  0  0  0]
 [ 1  0 16  0  0  3  0  0  0  0]
 [ 0  0  0 15  0  1  1  2  0  1]
 [ 0  0  0  0 19  0  0  0  0  0]
 [ 0  0  0  0  0 19  1  0  0  0]
 [ 5  0  0  0  0  2 13  1  0  0]
 [ 0  0  0  0  0  1  0 17  0  2]
 [ 0  0  0  0  0  0  0  0 20  0]
 [ 0  0  0  0  0  0  0  0  1 18]]
    

    KNeighborsClassifier
    k: 21 neighbors
    accuracy: 0.870646766169
    precision: 0.888535636477
    Matrix:

[[20  0  0  0  0  0  0  0  0  0]
 [ 2 18  1  0  0  1  0  0  0  0]
 [ 1  0 16  0  0  3  0  0  0  0]
 [ 0  0  0 15  0  1  1  2  0  1]
 [ 0  0  0  0 19  0  0  0  0  0]
 [ 0  0  0  0  0 19  1  0  0  0]
 [ 5  0  0  0  0  2 13  1  0  0]
 [ 0  0  0  0  0  1  0 17  0  2]
 [ 0  0  0  0  0  0  0  0 20  0]
 [ 0  0  0  0  0  0  0  0  1 18]]
    

    KNeighborsClassifier
    k: 22 neighbors
    accuracy: 0.880597014925
    precision: 0.899253909432
    Matrix:

[[20  0  0  0  0  0  0  0  0  0]
 [ 2 18  1  0  0  1  0  0  0  0]
 [ 1  0 16  0  0  3  0  0  0  0]
 [ 0  0  0 15  0  1  1  2  0  1]
 [ 0  0  0  0 19  0  0  0  0  0]
 [ 0  0  0  0  0 19  1  0  0  0]
 [ 5  0  0  0  0  2 14  0  0  0]
 [ 0  0  0  0  0  1  0 17  0  2]
 [ 0  0  0  0  0  0  0  0 20  0]
 [ 0  0  0  0  0  0  0  0  0 19]]
    

    KNeighborsClassifier
    k: 23 neighbors
    accuracy: 0.870646766169
    precision: 0.891379599833
    Matrix:

[[20  0  0  0  0  0  0  0  0  0]
 [ 3 17  1  0  0  1  0  0  0  0]
 [ 1  0 16  0  0  3  0  0  0  0]
 [ 0  0  0 15  0  1  1  2  0  1]
 [ 0  0  0  0 19  0  0  0  0  0]
 [ 0  0  0  0  0 19  1  0  0  0]
 [ 5  0  0  0  0  2 14  0  0  0]
 [ 0  0  0  0  0  1  0 17  0  2]
 [ 0  0  0  0  0  0  0  0 20  0]
 [ 0  0  0  0  0  0  0  0  1 18]]
    

    KNeighborsClassifier
    k: 24 neighbors
    accuracy: 0.865671641791
    precision: 0.883581084696
    Matrix:

[[20  0  0  0  0  0  0  0  0  0]
 [ 2 17  1  0  0  1  1  0  0  0]
 [ 1  0 15  0  0  3  0  0  0  1]
 [ 0  0  0 15  0  1  1  2  0  1]
 [ 0  0  0  0 19  0  0  0  0  0]
 [ 0  0  0  0  0 19  1  0  0  0]
 [ 5  0  0  0  0  1 14  0  0  1]
 [ 0  0  0  0  0  1  0 17  0  2]
 [ 0  0  0  0  0  0  0  0 20  0]
 [ 0  0  0  0  0  0  0  0  1 18]]
    

    KNeighborsClassifier
    k: 25 neighbors
    accuracy: 0.855721393035
    precision: 0.8772583633
    Matrix:

[[20  0  0  0  0  0  0  0  0  0]
 [ 2 17  1  0  0  1  1  0  0  0]
 [ 1  0 15  0  0  3  0  0  0  1]
 [ 0  0  0 15  0  1  1  2  0  1]
 [ 0  0  0  0 18  1  0  0  0  0]
 [ 0  0  0  0  0 19  1  0  0  0]
 [ 5  0  0  0  0  2 13  0  0  1]
 [ 0  0  0  0  0  1  0 17  0  2]
 [ 0  0  0  0  0  0  0  0 20  0]
 [ 0  0  0  0  0  0  0  0  1 18]]
    

    KNeighborsClassifier
    k: 26 neighbors
    accuracy: 0.860696517413
    precision: 0.880874531989
    Matrix:

[[20  0  0  0  0  0  0  0  0  0]
 [ 2 17  1  0  0  1  1  0  0  0]
 [ 1  0 15  0  0  3  0  0  0  1]
 [ 0  0  0 15  0  1  1  2  0  1]
 [ 0  0  0  0 18  1  0  0  0  0]
 [ 0  0  0  0  0 19  1  0  0  0]
 [ 5  0  0  0  0  1 14  0  0  1]
 [ 0  0  0  0  0  1  0 17  0  2]
 [ 0  0  0  0  0  0  0  0 20  0]
 [ 0  0  0  0  0  0  0  0  1 18]]
    

    KNeighborsClassifier
    k: 27 neighbors
    accuracy: 0.860696517413
    precision: 0.880874531989
    Matrix:

[[20  0  0  0  0  0  0  0  0  0]
 [ 2 17  1  0  0  1  1  0  0  0]
 [ 1  0 15  0  0  3  0  0  0  1]
 [ 0  0  0 15  0  1  1  2  0  1]
 [ 0  0  0  0 18  1  0  0  0  0]
 [ 0  0  0  0  0 19  1  0  0  0]
 [ 5  0  0  0  0  1 14  0  0  1]
 [ 0  0  0  0  0  1  0 17  0  2]
 [ 0  0  0  0  0  0  0  0 20  0]
 [ 0  0  0  0  0  0  0  0  1 18]]
    

    KNeighborsClassifier
    k: 28 neighbors
    accuracy: 0.860696517413
    precision: 0.880874531989
    Matrix:

[[20  0  0  0  0  0  0  0  0  0]
 [ 2 17  1  0  0  1  1  0  0  0]
 [ 1  0 15  0  0  3  0  0  0  1]
 [ 0  0  0 15  0  1  1  2  0  1]
 [ 0  0  0  0 18  1  0  0  0  0]
 [ 0  0  0  0  0 19  1  0  0  0]
 [ 5  0  0  0  0  1 14  0  0  1]
 [ 0  0  0  0  0  1  0 17  0  2]
 [ 0  0  0  0  0  0  0  0 20  0]
 [ 0  0  0  0  0  0  0  0  1 18]]
    

    KNeighborsClassifier
    k: 29 neighbors
    accuracy: 0.855721393035
    precision: 0.881045309112
    Matrix:

[[20  0  0  0  0  0  0  0  0  0]
 [ 3 16  1  0  0  2  0  0  0  0]
 [ 1  0 15  0  0  3  0  0  0  1]
 [ 0  0  0 15  0  1  1  2  0  1]
 [ 0  0  0  0 18  1  0  0  0  0]
 [ 0  0  0  0  0 19  1  0  0  0]
 [ 5  0  0  0  0  1 14  0  0  1]
 [ 0  0  0  0  0  1  0 17  0  2]
 [ 0  0  0  0  0  0  0  0 20  0]
 [ 0  0  0  0  0  0  0  0  1 18]]
    

    KNeighborsClassifier
    k: 30 neighbors
    accuracy: 0.8407960199
    precision: 0.871683470039
    Matrix:

[[20  0  0  0  0  0  0  0  0  0]
 [ 3 15  1  0  0  3  0  0  0  0]
 [ 1  0 15  0  0  3  0  0  0  1]
 [ 0  0  0 15  0  1  1  3  0  0]
 [ 0  0  0  0 18  1  0  0  0  0]
 [ 0  0  0  0  0 19  1  0  0  0]
 [ 6  0  0  0  0  1 13  0  0  1]
 [ 0  0  0  0  0  2  0 16  0  2]
 [ 0  0  0  0  0  0  0  0 20  0]
 [ 0  0  0  0  0  0  0  0  1 18]]
    

    KNeighborsClassifier
    k: 31 neighbors
    accuracy: 0.850746268657
    precision: 0.876207279563
    Matrix:

[[20  0  0  0  0  0  0  0  0  0]
 [ 3 16  1  0  0  2  0  0  0  0]
 [ 1  0 15  0  0  3  0  0  0  1]
 [ 0  0  0 16  0  0  1  3  0  0]
 [ 0  0  0  0 18  1  0  0  0  0]
 [ 0  0  0  0  0 19  1  0  0  0]
 [ 6  0  0  0  0  1 13  0  0  1]
 [ 0  0  0  0  0  2  0 16  0  2]
 [ 0  0  0  0  0  0  0  0 20  0]
 [ 0  0  0  0  0  0  0  0  1 18]]
    

    KNeighborsClassifier
    k: 32 neighbors
    accuracy: 0.855721393035
    precision: 0.883187229437
    Matrix:

[[20  0  0  0  0  0  0  0  0  0]
 [ 3 16  1  0  0  2  0  0  0  0]
 [ 1  0 15  0  0  3  0  0  0  1]
 [ 0  0  0 16  0  1  0  3  0  0]
 [ 0  0  0  0 18  1  0  0  0  0]
 [ 0  0  0  0  0 19  1  0  0  0]
 [ 6  0  0  0  0  1 13  0  0  1]
 [ 0  0  0  0  0  1  0 17  0  2]
 [ 0  0  0  0  0  0  0  0 20  0]
 [ 0  0  0  0  0  0  0  0  1 18]]
    

    KNeighborsClassifier
    k: 33 neighbors
    accuracy: 0.850746268657
    precision: 0.880847327959
    Matrix:

[[20  0  0  0  0  0  0  0  0  0]
 [ 3 15  1  0  0  3  0  0  0  0]
 [ 1  0 15  0  0  3  0  0  0  1]
 [ 0  0  0 16  0  1  0  3  0  0]
 [ 0  0  0  0 18  1  0  0  0  0]
 [ 0  0  0  0  0 19  1  0  0  0]
 [ 6  0  0  0  0  1 13  0  0  1]
 [ 0  0  0  0  0  1  0 17  0  2]
 [ 0  0  0  0  0  0  0  0 20  0]
 [ 0  0  0  0  0  0  0  0  1 18]]
    

    KNeighborsClassifier
    k: 34 neighbors
    accuracy: 0.850746268657
    precision: 0.876996753247
    Matrix:

[[20  0  0  0  0  0  0  0  0  0]
 [ 3 15  1  0  0  2  1  0  0  0]
 [ 1  0 15  0  0  3  0  0  0  1]
 [ 0  0  0 16  0  1  0  3  0  0]
 [ 0  0  0  0 18  1  0  0  0  0]
 [ 0  0  0  0  0 19  1  0  0  0]
 [ 6  0  0  0  0  1 13  0  0  1]
 [ 0  0  0  0  0  1  0 17  0  2]
 [ 0  0  0  0  0  0  0  0 20  0]
 [ 0  0  0  0  0  0  0  0  1 18]]
    

    KNeighborsClassifier
    k: 35 neighbors
    accuracy: 0.845771144279
    precision: 0.872605569718
    Matrix:

[[20  0  0  0  0  0  0  0  0  0]
 [ 3 16  1  0  0  1  1  0  0  0]
 [ 1  0 15  0  0  3  0  0  0  1]
 [ 0  0  0 16  0  1  0  3  0  0]
 [ 0  0  0  0 18  1  0  0  0  0]
 [ 0  0  0  0  0 19  1  0  0  0]
 [ 6  0  0  0  0  3 11  0  0  1]
 [ 0  0  0  0  0  1  0 17  0  2]
 [ 0  0  0  0  0  0  0  0 20  0]
 [ 0  0  0  0  0  0  0  0  1 18]]
    

    KNeighborsClassifier
    k: 36 neighbors
    accuracy: 0.8407960199
    precision: 0.876505201787
    Matrix:

[[20  0  0  0  0  0  0  0  0  0]
 [ 3 15  1  0  0  2  1  0  0  0]
 [ 1  0 15  0  0  3  0  0  0  1]
 [ 1  0  0 15  0  1  0  3  0  0]
 [ 0  0  0  0 18  1  0  0  0  0]
 [ 0  0  0  0  0 20  0  0  0  0]
 [ 6  0  0  0  0  3 11  0  0  1]
 [ 0  0  0  0  0  1  0 17  0  2]
 [ 0  0  0  0  0  0  0  0 20  0]
 [ 0  0  0  0  0  0  0  0  1 18]]
    

    KNeighborsClassifier
    k: 37 neighbors
    accuracy: 0.845771144279
    precision: 0.880768952742
    Matrix:

[[20  0  0  0  0  0  0  0  0  0]
 [ 3 15  1  0  0  2  1  0  0  0]
 [ 1  0 16  0  0  3  0  0  0  0]
 [ 1  0  0 15  0  1  0  3  0  0]
 [ 0  0  0  0 18  1  0  0  0  0]
 [ 0  0  0  0  0 20  0  0  0  0]
 [ 6  0  0  0  0  3 11  0  0  1]
 [ 0  0  0  0  0  1  0 17  0  2]
 [ 0  0  0  0  0  0  0  0 20  0]
 [ 0  0  0  0  0  0  0  0  1 18]]
    

    KNeighborsClassifier
    k: 38 neighbors
    accuracy: 0.8407960199
    precision: 0.876115273089
    Matrix:

[[20  0  0  0  0  0  0  0  0  0]
 [ 3 15  1  0  0  2  1  0  0  0]
 [ 1  0 16  0  0  3  0  0  0  0]
 [ 1  0  0 15  0  1  0  2  0  1]
 [ 0  0  0  0 18  1  0  0  0  0]
 [ 0  0  0  0  0 20  0  0  0  0]
 [ 6  0  0  0  0  3 10  1  0  1]
 [ 0  0  0  0  0  1  0 17  0  2]
 [ 0  0  0  0  0  0  0  0 20  0]
 [ 0  0  0  0  0  0  0  0  1 18]]
    

    KNeighborsClassifier
    k: 39 neighbors
    accuracy: 0.835820895522
    precision: 0.873947628905
    Matrix:

[[20  0  0  0  0  0  0  0  0  0]
 [ 3 14  1  0  0  3  1  0  0  0]
 [ 1  0 16  0  0  3  0  0  0  0]
 [ 1  0  0 15  0  1  0  3  0  0]
 [ 0  0  0  0 18  1  0  0  0  0]
 [ 0  0  0  0  0 20  0  0  0  0]
 [ 6  0  0  0  0  3 10  1  0  1]
 [ 0  0  0  0  0  1  0 17  0  2]
 [ 0  0  0  0  0  0  0  0 20  0]
 [ 0  0  0  0  0  0  0  0  1 18]]
    

    KNeighborsClassifier
    k: 40 neighbors
    accuracy: 0.835820895522
    precision: 0.881144598602
    Matrix:

[[20  0  0  0  0  0  0  0  0  0]
 [ 3 14  1  0  0  4  0  0  0  0]
 [ 1  0 16  0  0  3  0  0  0  0]
 [ 1  0  0 15  0  1  0  3  0  0]
 [ 0  0  0  0 18  1  0  0  0  0]
 [ 0  0  0  0  0 20  0  0  0  0]
 [ 6  0  0  0  0  3 10  1  0  1]
 [ 0  0  0  0  0  1  0 17  0  2]
 [ 0  0  0  0  0  0  0  0 20  0]
 [ 0  0  0  0  0  0  0  0  1 18]]
    

    KNeighborsClassifier
    k: 41 neighbors
    accuracy: 0.830845771144
    precision: 0.871415730978
    Matrix:

[[20  0  0  0  0  0  0  0  0  0]
 [ 3 14  1  0  0  3  1  0  0  0]
 [ 1  0 16  0  0  3  0  0  0  0]
 [ 1  0  0 15  0  1  0  2  0  1]
 [ 0  0  0  0 18  1  0  0  0  0]
 [ 0  0  0  0  0 20  0  0  0  0]
 [ 6  0  0  0  0  3 10  1  0  1]
 [ 0  0  0  0  0  2  0 16  0  2]
 [ 0  0  0  0  0  0  0  0 20  0]
 [ 0  0  0  0  0  0  0  0  1 18]]
    

    KNeighborsClassifier
    k: 42 neighbors
    accuracy: 0.830845771144
    precision: 0.871783737418
    Matrix:

[[20  0  0  0  0  0  0  0  0  0]
 [ 3 14  1  0  0  3  1  0  0  0]
 [ 1  0 16  0  0  3  0  0  0  0]
 [ 0  0  0 15  0  2  0  2  0  1]
 [ 0  0  0  0 18  1  0  0  0  0]
 [ 0  0  0  0  0 20  0  0  0  0]
 [ 6  0  0  0  0  3 10  1  0  1]
 [ 0  0  0  0  0  2  0 16  0  2]
 [ 0  0  0  0  0  0  0  0 20  0]
 [ 0  0  0  0  0  0  0  0  1 18]]
    

    KNeighborsClassifier
    k: 43 neighbors
    accuracy: 0.830845771144
    precision: 0.871415730978
    Matrix:

[[20  0  0  0  0  0  0  0  0  0]
 [ 3 14  1  0  0  3  1  0  0  0]
 [ 1  0 16  0  0  3  0  0  0  0]
 [ 1  0  0 15  0  1  0  2  0  1]
 [ 0  0  0  0 18  1  0  0  0  0]
 [ 0  0  0  0  0 20  0  0  0  0]
 [ 6  0  0  0  0  3 10  1  0  1]
 [ 0  0  0  0  0  2  0 16  0  2]
 [ 0  0  0  0  0  0  0  0 20  0]
 [ 0  0  0  0  0  0  0  0  1 18]]
    

    KNeighborsClassifier
    k: 44 neighbors
    accuracy: 0.825870646766
    precision: 0.869633199784
    Matrix:

[[20  0  0  0  0  0  0  0  0  0]
 [ 3 14  1  0  0  3  1  0  0  0]
 [ 1  0 16  0  0  3  0  0  0  0]
 [ 1  0  0 14  0  2  0  2  0  1]
 [ 0  0  0  0 18  1  0  0  0  0]
 [ 0  0  0  0  0 20  0  0  0  0]
 [ 6  0  0  0  0  3 10  1  0  1]
 [ 0  0  0  0  0  2  0 16  0  2]
 [ 0  0  0  0  0  0  0  0 20  0]
 [ 0  0  0  0  0  0  0  0  1 18]]
    

    KNeighborsClassifier
    k: 45 neighbors
    accuracy: 0.81592039801
    precision: 0.863977376849
    Matrix:

[[20  0  0  0  0  0  0  0  0  0]
 [ 3 14  1  0  0  3  1  0  0  0]
 [ 1  0 15  0  0  4  0  0  0  0]
 [ 1  0  0 15  0  1  0  2  0  1]
 [ 0  0  0  0 18  1  0  0  0  0]
 [ 0  0  0  0  0 20  0  0  0  0]
 [ 6  0  0  0  0  5  8  1  0  1]
 [ 0  0  0  0  0  2  0 16  0  2]
 [ 0  0  0  0  0  0  0  0 20  0]
 [ 0  0  0  0  0  0  0  0  1 18]]
    

    KNeighborsClassifier
    k: 46 neighbors
    accuracy: 0.825870646766
    precision: 0.868826327182
    Matrix:

[[20  0  0  0  0  0  0  0  0  0]
 [ 3 14  1  0  0  3  1  0  0  0]
 [ 1  0 15  0  0  4  0  0  0  0]
 [ 0  0  0 16  0  1  0  2  0  1]
 [ 0  0  0  0 18  1  0  0  0  0]
 [ 0  0  0  0  0 20  0  0  0  0]
 [ 6  0  0  0  0  4  9  1  0  1]
 [ 0  0  0  0  0  2  0 16  0  2]
 [ 0  0  0  0  0  0  0  0 20  0]
 [ 0  0  0  0  0  0  0  0  1 18]]
    

    KNeighborsClassifier
    k: 47 neighbors
    accuracy: 0.830845771144
    precision: 0.87919397424
    Matrix:

[[20  0  0  0  0  0  0  0  0  0]
 [ 3 14  1  0  0  4  0  0  0  0]
 [ 1  0 16  0  0  3  0  0  0  0]
 [ 0  0  0 16  0  1  0  2  0  1]
 [ 0  0  0  0 18  1  0  0  0  0]
 [ 0  0  0  0  0 20  0  0  0  0]
 [ 6  0  0  0  0  4  9  1  0  1]
 [ 0  0  0  0  0  2  0 16  0  2]
 [ 0  0  0  0  0  0  0  0 20  0]
 [ 0  0  0  0  0  0  0  0  1 18]]
    

    KNeighborsClassifier
    k: 48 neighbors
    accuracy: 0.81592039801
    precision: 0.867833694084
    Matrix:

[[20  0  0  0  0  0  0  0  0  0]
 [ 3 13  1  0  0  4  0  1  0  0]
 [ 1  0 15  0  0  4  0  0  0  0]
 [ 0  0  0 16  0  1  0  2  0  1]
 [ 0  0  0  0 18  1  0  0  0  0]
 [ 0  0  0  0  0 20  0  0  0  0]
 [ 6  0  0  0  0  4  9  1  0  1]
 [ 0  0  0  0  0  2  0 16  0  2]
 [ 0  0  0  0  0  0  0  0 20  0]
 [ 0  0  0  0  0  0  0  0  2 17]]
    

    KNeighborsClassifier
    k: 49 neighbors
    accuracy: 0.825870646766
    precision: 0.874180163706
    Matrix:

[[20  0  0  0  0  0  0  0  0  0]
 [ 3 14  1  0  0  4  0  0  0  0]
 [ 1  0 15  0  0  4  0  0  0  0]
 [ 0  0  0 16  0  1  0  3  0  0]
 [ 0  0  0  0 18  1  0  0  0  0]
 [ 0  0  0  0  0 20  0  0  0  0]
 [ 5  0  0  0  0  4 10  1  0  1]
 [ 0  0  0  0  0  2  0 16  0  2]
 [ 0  0  0  0  0  0  0  0 20  0]
 [ 0  0  0  0  0  0  0  0  2 17]]
    

    KNeighborsClassifier
    k: 50 neighbors
    accuracy: 0.81592039801
    precision: 0.86077020202
    Matrix:

[[20  0  0  0  0  0  0  0  0  0]
 [ 3 14  1  0  0  3  1  0  0  0]
 [ 1  0 15  0  0  4  0  0  0  0]
 [ 0  0  0 16  0  1  0  3  0  0]
 [ 0  0  0  0 18  1  0  0  0  0]
 [ 0  0  0  0  0 20  0  0  0  0]
 [ 6  0  0  0  0  5  8  1  0  1]
 [ 0  0  0  0  0  2  0 16  0  2]
 [ 0  0  0  0  0  0  0  0 20  0]
 [ 0  0  0  0  0  0  0  0  2 17]]
    

    KNeighborsClassifier
    k: 51 neighbors
    accuracy: 0.810945273632
    precision: 0.85821437649
    Matrix:

[[20  0  0  0  0  0  0  0  0  0]
 [ 3 14  1  0  0  3  1  0  0  0]
 [ 1  0 14  0  0  4  0  0  0  1]
 [ 0  0  0 15  0  2  0  3  0  0]
 [ 0  0  0  0 18  1  0  0  0  0]
 [ 0  0  0  0  0 20  0  0  0  0]
 [ 5  0  0  0  0  5  9  1  0  1]
 [ 0  0  0  0  0  2  0 16  0  2]
 [ 0  0  0  0  0  0  0  0 20  0]
 [ 0  0  0  0  0  0  0  0  2 17]]
    

    KNeighborsClassifier
    k: 52 neighbors
    accuracy: 0.810945273632
    precision: 0.861256187098
    Matrix:

[[20  0  0  0  0  0  0  0  0  0]
 [ 3 14  1  0  0  3  1  0  0  0]
 [ 1  0 15  0  0  4  0  0  0  0]
 [ 0  0  0 14  0  3  0  3  0  0]
 [ 0  0  0  0 18  1  0  0  0  0]
 [ 0  0  0  0  0 20  0  0  0  0]
 [ 5  0  0  0  0  5  9  1  0  1]
 [ 0  0  0  0  0  2  0 16  0  2]
 [ 0  0  0  0  0  0  0  0 20  0]
 [ 0  0  0  0  0  0  0  0  2 17]]
    

    KNeighborsClassifier
    k: 53 neighbors
    accuracy: 0.800995024876
    precision: 0.852982377574
    Matrix:

[[20  0  0  0  0  0  0  0  0  0]
 [ 3 13  1  0  0  3  1  1  0  0]
 [ 1  0 14  0  0  4  0  0  0  1]
 [ 0  0  0 14  0  3  0  3  0  0]
 [ 0  0  0  0 18  1  0  0  0  0]
 [ 0  0  0  0  0 20  0  0  0  0]
 [ 5  0  0  0  0  5  9  1  0  1]
 [ 0  0  0  0  0  2  0 16  0  2]
 [ 0  0  0  0  0  0  0  0 20  0]
 [ 0  0  0  0  0  0  0  0  2 17]]
    

    KNeighborsClassifier
    k: 54 neighbors
    accuracy: 0.805970149254
    precision: 0.857446663288
    Matrix:

[[20  0  0  0  0  0  0  0  0  0]
 [ 3 13  1  0  0  3  1  1  0  0]
 [ 1  0 15  0  0  4  0  0  0  0]
 [ 0  0  0 14  0  3  0  3  0  0]
 [ 0  0  0  0 18  1  0  0  0  0]
 [ 0  0  0  0  0 20  0  0  0  0]
 [ 5  0  0  0  0  5  9  1  0  1]
 [ 0  0  0  0  0  2  0 16  0  2]
 [ 0  0  0  0  0  0  0  0 20  0]
 [ 0  0  0  0  0  0  0  0  2 17]]
    

    KNeighborsClassifier
    k: 55 neighbors
    accuracy: 0.800995024876
    precision: 0.852982377574
    Matrix:

[[20  0  0  0  0  0  0  0  0  0]
 [ 3 13  1  0  0  3  1  1  0  0]
 [ 1  0 14  0  0  4  0  0  0  1]
 [ 0  0  0 14  0  3  0  3  0  0]
 [ 0  0  0  0 18  1  0  0  0  0]
 [ 0  0  0  0  0 20  0  0  0  0]
 [ 5  0  0  0  0  5  9  1  0  1]
 [ 0  0  0  0  0  2  0 16  0  2]
 [ 0  0  0  0  0  0  0  0 20  0]
 [ 0  0  0  0  0  0  0  0  2 17]]
    

    KNeighborsClassifier
    k: 56 neighbors
    accuracy: 0.800995024876
    precision: 0.853112247704
    Matrix:

[[20  0  0  0  0  0  0  0  0  0]
 [ 3 13  1  0  0  3  1  1  0  0]
 [ 1  0 14  0  0  4  0  0  0  1]
 [ 0  0  0 14  0  3  0  2  0  1]
 [ 0  0  0  0 18  1  0  0  0  0]
 [ 0  0  0  0  0 20  0  0  0  0]
 [ 5  0  0  0  0  5  9  1  0  1]
 [ 0  0  0  0  0  2  0 16  0  2]
 [ 0  0  0  0  0  0  0  0 20  0]
 [ 0  0  0  0  0  0  0  0  2 17]]
    

    KNeighborsClassifier
    k: 57 neighbors
    accuracy: 0.800995024876
    precision: 0.853112247704
    Matrix:

[[20  0  0  0  0  0  0  0  0  0]
 [ 3 13  1  0  0  3  1  1  0  0]
 [ 1  0 14  0  0  4  0  0  0  1]
 [ 0  0  0 14  0  3  0  2  0  1]
 [ 0  0  0  0 18  1  0  0  0  0]
 [ 0  0  0  0  0 20  0  0  0  0]
 [ 5  0  0  0  0  5  9  1  0  1]
 [ 0  0  0  0  0  2  0 16  0  2]
 [ 0  0  0  0  0  0  0  0 20  0]
 [ 0  0  0  0  0  0  0  0  2 17]]
    

    KNeighborsClassifier
    k: 58 neighbors
    accuracy: 0.805970149254
    precision: 0.85544381372
    Matrix:

[[20  0  0  0  0  0  0  0  0  0]
 [ 3 13  1  0  0  3  1  1  0  0]
 [ 1  0 14  0  0  4  0  0  0  1]
 [ 0  0  0 14  0  3  0  2  0  1]
 [ 0  0  0  0 18  1  0  0  0  0]
 [ 0  0  0  0  0 20  0  0  0  0]
 [ 5  0  0  0  0  4 10  1  0  1]
 [ 0  0  0  0  0  2  0 16  0  2]
 [ 0  0  0  0  0  0  0  0 20  0]
 [ 0  0  0  0  0  0  0  0  2 17]]
    

    KNeighborsClassifier
    k: 59 neighbors
    accuracy: 0.805970149254
    precision: 0.85544381372
    Matrix:

[[20  0  0  0  0  0  0  0  0  0]
 [ 3 13  1  0  0  3  1  1  0  0]
 [ 1  0 14  0  0  4  0  0  0  1]
 [ 0  0  0 14  0  3  0  2  0  1]
 [ 0  0  0  0 18  1  0  0  0  0]
 [ 0  0  0  0  0 20  0  0  0  0]
 [ 5  0  0  0  0  4 10  1  0  1]
 [ 0  0  0  0  0  2  0 16  0  2]
 [ 0  0  0  0  0  0  0  0 20  0]
 [ 0  0  0  0  0  0  0  0  2 17]]
    

    KNeighborsClassifier
    k: 60 neighbors
    accuracy: 0.800995024876
    precision: 0.853112247704
    Matrix:

[[20  0  0  0  0  0  0  0  0  0]
 [ 3 13  1  0  0  3  1  1  0  0]
 [ 1  0 14  0  0  4  0  0  0  1]
 [ 0  0  0 14  0  3  0  2  0  1]
 [ 0  0  0  0 18  1  0  0  0  0]
 [ 0  0  0  0  0 20  0  0  0  0]
 [ 5  0  0  0  0  5  9  1  0  1]
 [ 0  0  0  0  0  2  0 16  0  2]
 [ 0  0  0  0  0  0  0  0 20  0]
 [ 0  0  0  0  0  0  0  0  2 17]]
    

    KNeighborsClassifier
    k: 61 neighbors
    accuracy: 0.805970149254
    precision: 0.85544381372
    Matrix:

[[20  0  0  0  0  0  0  0  0  0]
 [ 3 13  1  0  0  3  1  1  0  0]
 [ 1  0 14  0  0  4  0  0  0  1]
 [ 0  0  0 14  0  3  0  2  0  1]
 [ 0  0  0  0 18  1  0  0  0  0]
 [ 0  0  0  0  0 20  0  0  0  0]
 [ 5  0  0  0  0  4 10  1  0  1]
 [ 0  0  0  0  0  2  0 16  0  2]
 [ 0  0  0  0  0  0  0  0 20  0]
 [ 0  0  0  0  0  0  0  0  2 17]]
    

    KNeighborsClassifier
    k: 62 neighbors
    accuracy: 0.805970149254
    precision: 0.85544381372
    Matrix:

[[20  0  0  0  0  0  0  0  0  0]
 [ 3 13  1  0  0  3  1  1  0  0]
 [ 1  0 14  0  0  4  0  0  0  1]
 [ 0  0  0 14  0  3  0  2  0  1]
 [ 0  0  0  0 18  1  0  0  0  0]
 [ 0  0  0  0  0 20  0  0  0  0]
 [ 5  0  0  0  0  4 10  1  0  1]
 [ 0  0  0  0  0  2  0 16  0  2]
 [ 0  0  0  0  0  0  0  0 20  0]
 [ 0  0  0  0  0  0  0  0  2 17]]
    

    KNeighborsClassifier
    k: 63 neighbors
    accuracy: 0.805970149254
    precision: 0.85544381372
    Matrix:

[[20  0  0  0  0  0  0  0  0  0]
 [ 3 13  1  0  0  3  1  1  0  0]
 [ 1  0 14  0  0  4  0  0  0  1]
 [ 0  0  0 14  0  3  0  2  0  1]
 [ 0  0  0  0 18  1  0  0  0  0]
 [ 0  0  0  0  0 20  0  0  0  0]
 [ 5  0  0  0  0  4 10  1  0  1]
 [ 0  0  0  0  0  2  0 16  0  2]
 [ 0  0  0  0  0  0  0  0 20  0]
 [ 0  0  0  0  0  0  0  0  2 17]]
    

    KNeighborsClassifier
    k: 64 neighbors
    accuracy: 0.810945273632
    precision: 0.859540134066
    Matrix:

[[20  0  0  0  0  0  0  0  0  0]
 [ 3 13  1  0  0  3  1  1  0  0]
 [ 1  0 15  0  0  4  0  0  0  0]
 [ 0  0  0 14  0  3  0  2  0  1]
 [ 0  0  0  0 18  1  0  0  0  0]
 [ 0  0  0  0  0 20  0  0  0  0]
 [ 5  0  0  0  0  4 10  1  0  1]
 [ 0  0  0  0  0  2  0 16  0  2]
 [ 0  0  0  0  0  0  0  0 20  0]
 [ 0  0  0  0  0  0  0  0  2 17]]
    

    KNeighborsClassifier
    k: 65 neighbors
    accuracy: 0.810945273632
    precision: 0.859540134066
    Matrix:

[[20  0  0  0  0  0  0  0  0  0]
 [ 3 13  1  0  0  3  1  1  0  0]
 [ 1  0 15  0  0  4  0  0  0  0]
 [ 0  0  0 14  0  3  0  2  0  1]
 [ 0  0  0  0 18  1  0  0  0  0]
 [ 0  0  0  0  0 20  0  0  0  0]
 [ 5  0  0  0  0  4 10  1  0  1]
 [ 0  0  0  0  0  2  0 16  0  2]
 [ 0  0  0  0  0  0  0  0 20  0]
 [ 0  0  0  0  0  0  0  0  2 17]]
    

    KNeighborsClassifier
    k: 66 neighbors
    accuracy: 0.800995024876
    precision: 0.853112247704
    Matrix:

[[20  0  0  0  0  0  0  0  0  0]
 [ 3 13  1  0  0  3  1  1  0  0]
 [ 1  0 14  0  0  4  0  0  0  1]
 [ 0  0  0 14  0  3  0  2  0  1]
 [ 0  0  0  0 18  1  0  0  0  0]
 [ 0  0  0  0  0 20  0  0  0  0]
 [ 5  0  0  0  0  5  9  1  0  1]
 [ 0  0  0  0  0  2  0 16  0  2]
 [ 0  0  0  0  0  0  0  0 20  0]
 [ 0  0  0  0  0  0  0  0  2 17]]
    

    KNeighborsClassifier
    k: 67 neighbors
    accuracy: 0.800995024876
    precision: 0.853112247704
    Matrix:

[[20  0  0  0  0  0  0  0  0  0]
 [ 3 13  1  0  0  3  1  1  0  0]
 [ 1  0 14  0  0  4  0  0  0  1]
 [ 0  0  0 14  0  3  0  2  0  1]
 [ 0  0  0  0 18  1  0  0  0  0]
 [ 0  0  0  0  0 20  0  0  0  0]
 [ 5  0  0  0  0  5  9  1  0  1]
 [ 0  0  0  0  0  2  0 16  0  2]
 [ 0  0  0  0  0  0  0  0 20  0]
 [ 0  0  0  0  0  0  0  0  2 17]]
    

    KNeighborsClassifier
    k: 68 neighbors
    accuracy: 0.800995024876
    precision: 0.853112247704
    Matrix:

[[20  0  0  0  0  0  0  0  0  0]
 [ 3 13  1  0  0  3  1  1  0  0]
 [ 1  0 14  0  0  4  0  0  0  1]
 [ 0  0  0 14  0  3  0  2  0  1]
 [ 0  0  0  0 18  1  0  0  0  0]
 [ 0  0  0  0  0 20  0  0  0  0]
 [ 5  0  0  0  0  5  9  1  0  1]
 [ 0  0  0  0  0  2  0 16  0  2]
 [ 0  0  0  0  0  0  0  0 20  0]
 [ 0  0  0  0  0  0  0  0  2 17]]
    

    KNeighborsClassifier
    k: 69 neighbors
    accuracy: 0.800995024876
    precision: 0.853112247704
    Matrix:

[[20  0  0  0  0  0  0  0  0  0]
 [ 3 13  1  0  0  3  1  1  0  0]
 [ 1  0 14  0  0  4  0  0  0  1]
 [ 0  0  0 14  0  3  0  2  0  1]
 [ 0  0  0  0 18  1  0  0  0  0]
 [ 0  0  0  0  0 20  0  0  0  0]
 [ 5  0  0  0  0  5  9  1  0  1]
 [ 0  0  0  0  0  2  0 16  0  2]
 [ 0  0  0  0  0  0  0  0 20  0]
 [ 0  0  0  0  0  0  0  0  2 17]]
    

    KNeighborsClassifier
    k: 70 neighbors
    accuracy: 0.800995024876
    precision: 0.853112247704
    Matrix:

[[20  0  0  0  0  0  0  0  0  0]
 [ 3 13  1  0  0  3  1  1  0  0]
 [ 1  0 14  0  0  4  0  0  0  1]
 [ 0  0  0 14  0  3  0  2  0  1]
 [ 0  0  0  0 18  1  0  0  0  0]
 [ 0  0  0  0  0 20  0  0  0  0]
 [ 5  0  0  0  0  5  9  1  0  1]
 [ 0  0  0  0  0  2  0 16  0  2]
 [ 0  0  0  0  0  0  0  0 20  0]
 [ 0  0  0  0  0  0  0  0  2 17]]
    

    KNeighborsClassifier
    k: 71 neighbors
    accuracy: 0.805970149254
    precision: 0.859542920847
    Matrix:

[[20  0  0  0  0  0  0  0  0  0]
 [ 3 13  1  0  0  3  1  1  0  0]
 [ 1  0 14  0  0  4  0  0  0  1]
 [ 0  0  0 14  0  3  0  2  0  1]
 [ 0  0  0  0 18  1  0  0  0  0]
 [ 0  0  0  0  0 20  0  0  0  0]
 [ 4  0  0  0  0  6  9  1  0  1]
 [ 0  0  0  0  0  2  0 16  0  2]
 [ 0  0  0  0  0  0  0  0 20  0]
 [ 0  0  0  0  0  0  0  0  1 18]]
    

    KNeighborsClassifier
    k: 72 neighbors
    accuracy: 0.805970149254
    precision: 0.859542920847
    Matrix:

[[20  0  0  0  0  0  0  0  0  0]
 [ 3 13  1  0  0  3  1  1  0  0]
 [ 1  0 14  0  0  4  0  0  0  1]
 [ 0  0  0 14  0  3  0  2  0  1]
 [ 0  0  0  0 18  1  0  0  0  0]
 [ 0  0  0  0  0 20  0  0  0  0]
 [ 4  0  0  0  0  6  9  1  0  1]
 [ 0  0  0  0  0  2  0 16  0  2]
 [ 0  0  0  0  0  0  0  0 20  0]
 [ 0  0  0  0  0  0  0  0  1 18]]
    

    KNeighborsClassifier
    k: 73 neighbors
    accuracy: 0.805970149254
    precision: 0.859542920847
    Matrix:

[[20  0  0  0  0  0  0  0  0  0]
 [ 3 13  1  0  0  3  1  1  0  0]
 [ 1  0 14  0  0  4  0  0  0  1]
 [ 0  0  0 14  0  3  0  2  0  1]
 [ 0  0  0  0 18  1  0  0  0  0]
 [ 0  0  0  0  0 20  0  0  0  0]
 [ 4  0  0  0  0  6  9  1  0  1]
 [ 0  0  0  0  0  2  0 16  0  2]
 [ 0  0  0  0  0  0  0  0 20  0]
 [ 0  0  0  0  0  0  0  0  1 18]]
    

    KNeighborsClassifier
    k: 74 neighbors
    accuracy: 0.805970149254
    precision: 0.859542920847
    Matrix:

[[20  0  0  0  0  0  0  0  0  0]
 [ 3 13  1  0  0  3  1  1  0  0]
 [ 1  0 14  0  0  4  0  0  0  1]
 [ 0  0  0 14  0  3  0  2  0  1]
 [ 0  0  0  0 18  1  0  0  0  0]
 [ 0  0  0  0  0 20  0  0  0  0]
 [ 4  0  0  0  0  6  9  1  0  1]
 [ 0  0  0  0  0  2  0 16  0  2]
 [ 0  0  0  0  0  0  0  0 20  0]
 [ 0  0  0  0  0  0  0  0  1 18]]
    

    KNeighborsClassifier
    k: 75 neighbors
    accuracy: 0.805970149254
    precision: 0.859542920847
    Matrix:

[[20  0  0  0  0  0  0  0  0  0]
 [ 3 13  1  0  0  3  1  1  0  0]
 [ 1  0 14  0  0  4  0  0  0  1]
 [ 0  0  0 14  0  3  0  2  0  1]
 [ 0  0  0  0 18  1  0  0  0  0]
 [ 0  0  0  0  0 20  0  0  0  0]
 [ 4  0  0  0  0  6  9  1  0  1]
 [ 0  0  0  0  0  2  0 16  0  2]
 [ 0  0  0  0  0  0  0  0 20  0]
 [ 0  0  0  0  0  0  0  0  1 18]]
    

    KNeighborsClassifier
    k: 76 neighbors
    accuracy: 0.805970149254
    precision: 0.859542920847
    Matrix:

[[20  0  0  0  0  0  0  0  0  0]
 [ 3 13  1  0  0  3  1  1  0  0]
 [ 1  0 14  0  0  4  0  0  0  1]
 [ 0  0  0 14  0  3  0  2  0  1]
 [ 0  0  0  0 18  1  0  0  0  0]
 [ 0  0  0  0  0 20  0  0  0  0]
 [ 4  0  0  0  0  6  9  1  0  1]
 [ 0  0  0  0  0  2  0 16  0  2]
 [ 0  0  0  0  0  0  0  0 20  0]
 [ 0  0  0  0  0  0  0  0  1 18]]
    

    KNeighborsClassifier
    k: 77 neighbors
    accuracy: 0.805970149254
    precision: 0.859542920847
    Matrix:

[[20  0  0  0  0  0  0  0  0  0]
 [ 3 13  1  0  0  3  1  1  0  0]
 [ 1  0 14  0  0  4  0  0  0  1]
 [ 0  0  0 14  0  3  0  2  0  1]
 [ 0  0  0  0 18  1  0  0  0  0]
 [ 0  0  0  0  0 20  0  0  0  0]
 [ 4  0  0  0  0  6  9  1  0  1]
 [ 0  0  0  0  0  2  0 16  0  2]
 [ 0  0  0  0  0  0  0  0 20  0]
 [ 0  0  0  0  0  0  0  0  1 18]]
    

    KNeighborsClassifier
    k: 78 neighbors
    accuracy: 0.805970149254
    precision: 0.859542920847
    Matrix:

[[20  0  0  0  0  0  0  0  0  0]
 [ 3 13  1  0  0  3  1  1  0  0]
 [ 1  0 14  0  0  4  0  0  0  1]
 [ 0  0  0 14  0  3  0  2  0  1]
 [ 0  0  0  0 18  1  0  0  0  0]
 [ 0  0  0  0  0 20  0  0  0  0]
 [ 4  0  0  0  0  6  9  1  0  1]
 [ 0  0  0  0  0  2  0 16  0  2]
 [ 0  0  0  0  0  0  0  0 20  0]
 [ 0  0  0  0  0  0  0  0  1 18]]
    

    KNeighborsClassifier
    k: 79 neighbors
    accuracy: 0.805970149254
    precision: 0.859542920847
    Matrix:

[[20  0  0  0  0  0  0  0  0  0]
 [ 3 13  1  0  0  3  1  1  0  0]
 [ 1  0 14  0  0  4  0  0  0  1]
 [ 0  0  0 14  0  3  0  2  0  1]
 [ 0  0  0  0 18  1  0  0  0  0]
 [ 0  0  0  0  0 20  0  0  0  0]
 [ 4  0  0  0  0  6  9  1  0  1]
 [ 0  0  0  0  0  2  0 16  0  2]
 [ 0  0  0  0  0  0  0  0 20  0]
 [ 0  0  0  0  0  0  0  0  1 18]]
    

    KNeighborsClassifier
    k: 80 neighbors
    accuracy: 0.805970149254
    precision: 0.859542920847
    Matrix:

[[20  0  0  0  0  0  0  0  0  0]
 [ 3 13  1  0  0  3  1  1  0  0]
 [ 1  0 14  0  0  4  0  0  0  1]
 [ 0  0  0 14  0  3  0  2  0  1]
 [ 0  0  0  0 18  1  0  0  0  0]
 [ 0  0  0  0  0 20  0  0  0  0]
 [ 4  0  0  0  0  6  9  1  0  1]
 [ 0  0  0  0  0  2  0 16  0  2]
 [ 0  0  0  0  0  0  0  0 20  0]
 [ 0  0  0  0  0  0  0  0  1 18]]
    

    KNeighborsClassifier
    k: 81 neighbors
    accuracy: 0.805970149254
    precision: 0.859542920847
    Matrix:

[[20  0  0  0  0  0  0  0  0  0]
 [ 3 13  1  0  0  3  1  1  0  0]
 [ 1  0 14  0  0  4  0  0  0  1]
 [ 0  0  0 14  0  3  0  2  0  1]
 [ 0  0  0  0 18  1  0  0  0  0]
 [ 0  0  0  0  0 20  0  0  0  0]
 [ 4  0  0  0  0  6  9  1  0  1]
 [ 0  0  0  0  0  2  0 16  0  2]
 [ 0  0  0  0  0  0  0  0 20  0]
 [ 0  0  0  0  0  0  0  0  1 18]]
    

    KNeighborsClassifier
    k: 82 neighbors
    accuracy: 0.810945273632
    precision: 0.860892448513
    Matrix:

[[20  0  0  0  0  0  0  0  0  0]
 [ 3 13  1  0  0  3  1  1  0  0]
 [ 1  0 14  0  0  4  0  0  0  1]
 [ 0  0  0 15  0  2  0  2  0  1]
 [ 0  0  0  0 18  1  0  0  0  0]
 [ 0  0  0  0  0 20  0  0  0  0]
 [ 4  0  0  0  0  6  9  1  0  1]
 [ 0  0  0  0  0  2  0 16  0  2]
 [ 0  0  0  0  0  0  0  0 20  0]
 [ 0  0  0  0  0  0  0  0  1 18]]
    

    KNeighborsClassifier
    k: 83 neighbors
    accuracy: 0.810945273632
    precision: 0.859208946829
    Matrix:

[[20  0  0  0  0  0  0  0  0  0]
 [ 2 13  1  0  0  3  1  1  1  0]
 [ 1  0 14  0  0  4  0  0  0  1]
 [ 0  0  0 15  0  2  0  2  0  1]
 [ 0  0  0  0 18  1  0  0  0  0]
 [ 0  0  0  0  0 20  0  0  0  0]
 [ 4  0  0  0  0  6  9  1  0  1]
 [ 0  0  0  0  0  2  0 16  0  2]
 [ 0  0  0  0  0  0  0  0 20  0]
 [ 0  0  0  0  0  0  0  0  1 18]]
    

    KNeighborsClassifier
    k: 84 neighbors
    accuracy: 0.805970149254
    precision: 0.857859419164
    Matrix:

[[20  0  0  0  0  0  0  0  0  0]
 [ 2 13  1  0  0  3  1  1  1  0]
 [ 1  0 14  0  0  4  0  0  0  1]
 [ 0  0  0 14  0  3  0  2  0  1]
 [ 0  0  0  0 18  1  0  0  0  0]
 [ 0  0  0  0  0 20  0  0  0  0]
 [ 4  0  0  0  0  6  9  1  0  1]
 [ 0  0  0  0  0  2  0 16  0  2]
 [ 0  0  0  0  0  0  0  0 20  0]
 [ 0  0  0  0  0  0  0  0  1 18]]
    

    KNeighborsClassifier
    k: 85 neighbors
    accuracy: 0.810945273632
    precision: 0.859208946829
    Matrix:

[[20  0  0  0  0  0  0  0  0  0]
 [ 2 13  1  0  0  3  1  1  1  0]
 [ 1  0 14  0  0  4  0  0  0  1]
 [ 0  0  0 15  0  2  0  2  0  1]
 [ 0  0  0  0 18  1  0  0  0  0]
 [ 0  0  0  0  0 20  0  0  0  0]
 [ 4  0  0  0  0  6  9  1  0  1]
 [ 0  0  0  0  0  2  0 16  0  2]
 [ 0  0  0  0  0  0  0  0 20  0]
 [ 0  0  0  0  0  0  0  0  1 18]]
    

    KNeighborsClassifier
    k: 86 neighbors
    accuracy: 0.805970149254
    precision: 0.856748308053
    Matrix:

[[20  0  0  0  0  0  0  0  0  0]
 [ 2 13  1  0  0  3  1  1  1  0]
 [ 1  0 14  0  0  4  0  0  0  1]
 [ 0  0  0 15  0  2  0  2  0  1]
 [ 0  0  0  0 18  1  0  0  0  0]
 [ 0  0  0  0  0 20  0  0  0  0]
 [ 4  0  0  0  0  7  8  1  0  1]
 [ 0  0  0  0  0  2  0 16  0  2]
 [ 0  0  0  0  0  0  0  0 20  0]
 [ 0  0  0  0  0  0  0  0  1 18]]
    

    KNeighborsClassifier
    k: 87 neighbors
    accuracy: 0.800995024876
    precision: 0.865357855687
    Matrix:

[[20  0  0  0  0  0  0  0  0  0]
 [ 2 13  1  0  0  4  0  1  1  0]
 [ 1  0 14  0  0  4  0  0  0  1]
 [ 0  0  0 14  0  3  0  2  0  1]
 [ 0  0  0  0 18  1  0  0  0  0]
 [ 0  0  0  0  0 20  0  0  0  0]
 [ 4  0  0  0  0  7  8  1  0  1]
 [ 0  0  0  0  0  2  0 16  0  2]
 [ 0  0  0  0  0  0  0  0 20  0]
 [ 0  0  0  0  0  0  0  0  1 18]]
    

    KNeighborsClassifier
    k: 88 neighbors
    accuracy: 0.805970149254
    precision: 0.866325156325
    Matrix:

[[20  0  0  0  0  0  0  0  0  0]
 [ 2 13  1  0  0  4  0  1  1  0]
 [ 1  0 14  0  0  4  0  0  0  1]
 [ 0  0  0 14  0  3  0  3  0  0]
 [ 0  0  0  0 18  1  0  0  0  0]
 [ 0  0  0  0  0 20  0  0  0  0]
 [ 4  0  0  0  0  6  9  1  0  1]
 [ 0  0  0  0  0  2  0 16  0  2]
 [ 0  0  0  0  0  0  0  0 20  0]
 [ 0  0  0  0  0  0  0  0  1 18]]
    

    KNeighborsClassifier
    k: 89 neighbors
    accuracy: 0.805970149254
    precision: 0.86891516794
    Matrix:

[[20  0  0  0  0  0  0  0  0  0]
 [ 2 14  1  0  0  4  0  0  1  0]
 [ 1  0 14  0  0  4  0  0  0  1]
 [ 0  0  0 14  0  3  0  3  0  0]
 [ 0  0  0  0 18  1  0  0  0  0]
 [ 0  0  0  0  0 20  0  0  0  0]
 [ 4  0  0  0  0  7  8  1  0  1]
 [ 0  0  0  0  0  2  0 16  0  2]
 [ 0  0  0  0  0  0  0  0 20  0]
 [ 0  0  0  0  0  0  0  0  1 18]]
    

    KNeighborsClassifier
    k: 90 neighbors
    accuracy: 0.796019900498
    precision: 0.865685787081
    Matrix:

[[20  0  0  0  0  0  0  0  0  0]
 [ 2 13  1  0  0  4  0  1  1  0]
 [ 1  0 14  0  0  4  0  0  0  1]
 [ 0  0  0 14  0  3  0  3  0  0]
 [ 0  0  0  0 18  1  0  0  0  0]
 [ 0  0  0  0  0 20  0  0  0  0]
 [ 3  0  0  0  0  9  7  1  0  1]
 [ 0  0  0  0  0  2  0 16  0  2]
 [ 0  0  0  0  0  0  0  0 20  0]
 [ 0  0  0  0  0  0  0  0  1 18]]
    

    KNeighborsClassifier
    k: 91 neighbors
    accuracy: 0.796019900498
    precision: 0.865685787081
    Matrix:

[[20  0  0  0  0  0  0  0  0  0]
 [ 2 13  1  0  0  4  0  1  1  0]
 [ 1  0 14  0  0  4  0  0  0  1]
 [ 0  0  0 14  0  3  0  3  0  0]
 [ 0  0  0  0 18  1  0  0  0  0]
 [ 0  0  0  0  0 20  0  0  0  0]
 [ 3  0  0  0  0  9  7  1  0  1]
 [ 0  0  0  0  0  2  0 16  0  2]
 [ 0  0  0  0  0  0  0  0 20  0]
 [ 0  0  0  0  0  0  0  0  1 18]]
    

    KNeighborsClassifier
    k: 92 neighbors
    accuracy: 0.796019900498
    precision: 0.865685787081
    Matrix:

[[20  0  0  0  0  0  0  0  0  0]
 [ 2 13  1  0  0  4  0  1  1  0]
 [ 1  0 14  0  0  4  0  0  0  1]
 [ 0  0  0 14  0  3  0  3  0  0]
 [ 0  0  0  0 18  1  0  0  0  0]
 [ 0  0  0  0  0 20  0  0  0  0]
 [ 3  0  0  0  0  9  7  1  0  1]
 [ 0  0  0  0  0  2  0 16  0  2]
 [ 0  0  0  0  0  0  0  0 20  0]
 [ 0  0  0  0  0  0  0  0  1 18]]
    

    KNeighborsClassifier
    k: 93 neighbors
    accuracy: 0.796019900498
    precision: 0.866646308042
    Matrix:

[[20  0  0  0  0  0  0  0  0  0]
 [ 2 13  1  0  0  5  0  0  1  0]
 [ 1  0 14  0  0  4  0  0  0  1]
 [ 0  0  0 14  0  3  0  3  0  0]
 [ 0  0  0  0 18  1  0  0  0  0]
 [ 0  0  0  0  0 20  0  0  0  0]
 [ 4  0  0  0  0  8  7  1  0  1]
 [ 0  0  0  0  0  2  0 16  0  2]
 [ 0  0  0  0  0  0  0  0 20  0]
 [ 0  0  0  0  0  0  0  0  1 18]]
    

    KNeighborsClassifier
    k: 94 neighbors
    accuracy: 0.796019900498
    precision: 0.865108225108
    Matrix:

[[20  0  0  0  0  0  0  0  0  0]
 [ 2 13  1  0  0  5  0  0  1  0]
 [ 1  0 14  0  0  4  0  0  0  1]
 [ 0  0  0 14  0  3  0  3  0  0]
 [ 0  0  0  0 18  1  0  0  0  0]
 [ 0  0  0  0  0 20  0  0  0  0]
 [ 5  0  0  0  0  7  7  1  0  1]
 [ 0  0  0  0  0  2  0 16  0  2]
 [ 0  0  0  0  0  0  0  0 20  0]
 [ 0  0  0  0  0  0  0  0  1 18]]
    

    KNeighborsClassifier
    k: 95 neighbors
    accuracy: 0.796019900498
    precision: 0.868438228438
    Matrix:

[[20  0  0  0  0  0  0  0  0  0]
 [ 2 13  1  0  0  5  0  0  1  0]
 [ 0  0 14  0  0  5  0  0  0  1]
 [ 0  0  0 14  0  3  0  3  0  0]
 [ 0  0  0  0 18  1  0  0  0  0]
 [ 0  0  0  0  0 20  0  0  0  0]
 [ 4  0  0  0  0  8  7  1  0  1]
 [ 0  0  0  0  0  2  0 16  0  2]
 [ 0  0  0  0  0  0  0  0 20  0]
 [ 0  0  0  0  0  0  0  0  1 18]]
    

    KNeighborsClassifier
    k: 96 neighbors
    accuracy: 0.796019900498
    precision: 0.865108225108
    Matrix:

[[20  0  0  0  0  0  0  0  0  0]
 [ 2 13  1  0  0  5  0  0  1  0]
 [ 1  0 14  0  0  4  0  0  0  1]
 [ 0  0  0 14  0  3  0  3  0  0]
 [ 0  0  0  0 18  1  0  0  0  0]
 [ 0  0  0  0  0 20  0  0  0  0]
 [ 5  0  0  0  0  7  7  1  0  1]
 [ 0  0  0  0  0  2  0 16  0  2]
 [ 0  0  0  0  0  0  0  0 20  0]
 [ 0  0  0  0  0  0  0  0  1 18]]
    

    KNeighborsClassifier
    k: 97 neighbors
    accuracy: 0.796019900498
    precision: 0.868438228438
    Matrix:

[[20  0  0  0  0  0  0  0  0  0]
 [ 2 13  1  0  0  5  0  0  1  0]
 [ 0  0 14  0  0  5  0  0  0  1]
 [ 0  0  0 14  0  3  0  3  0  0]
 [ 0  0  0  0 18  1  0  0  0  0]
 [ 0  0  0  0  0 20  0  0  0  0]
 [ 4  0  0  0  0  8  7  1  0  1]
 [ 0  0  0  0  0  2  0 16  0  2]
 [ 0  0  0  0  0  0  0  0 20  0]
 [ 0  0  0  0  0  0  0  0  1 18]]
    

    KNeighborsClassifier
    k: 98 neighbors
    accuracy: 0.796019900498
    precision: 0.868438228438
    Matrix:

[[20  0  0  0  0  0  0  0  0  0]
 [ 2 13  1  0  0  5  0  0  1  0]
 [ 0  0 14  0  0  5  0  0  0  1]
 [ 0  0  0 14  0  3  0  3  0  0]
 [ 0  0  0  0 18  1  0  0  0  0]
 [ 0  0  0  0  0 20  0  0  0  0]
 [ 4  0  0  0  0  8  7  1  0  1]
 [ 0  0  0  0  0  2  0 16  0  2]
 [ 0  0  0  0  0  0  0  0 20  0]
 [ 0  0  0  0  0  0  0  0  1 18]]
    

    KNeighborsClassifier
    k: 99 neighbors
    accuracy: 0.796019900498
    precision: 0.868438228438
    Matrix:

[[20  0  0  0  0  0  0  0  0  0]
 [ 2 13  1  0  0  5  0  0  1  0]
 [ 0  0 14  0  0  5  0  0  0  1]
 [ 0  0  0 14  0  3  0  3  0  0]
 [ 0  0  0  0 18  1  0  0  0  0]
 [ 0  0  0  0  0 20  0  0  0  0]
 [ 4  0  0  0  0  8  7  1  0  1]
 [ 0  0  0  0  0  2  0 16  0  2]
 [ 0  0  0  0  0  0  0  0 20  0]
 [ 0  0  0  0  0  0  0  0  1 18]]
    

    KNeighborsClassifier
    k: 100 neighbors
    accuracy: 0.796019900498
    precision: 0.868438228438
    Matrix:

[[20  0  0  0  0  0  0  0  0  0]
 [ 2 13  1  0  0  5  0  0  1  0]
 [ 0  0 14  0  0  5  0  0  0  1]
 [ 0  0  0 14  0  3  0  3  0  0]
 [ 0  0  0  0 18  1  0  0  0  0]
 [ 0  0  0  0  0 20  0  0  0  0]
 [ 4  0  0  0  0  8  7  1  0  1]
 [ 0  0  0  0  0  2  0 16  0  2]
 [ 0  0  0  0  0  0  0  0 20  0]
 [ 0  0  0  0  0  0  0  0  1 18]]
    
