max:
	k: 25 - a: 0.444361463779

max:
	k: 70 - p: 0.56973939847

k: 15 - a: 0.438386855863 - p: 0.532346905742
k: 20 - a: 0.435399551904 - p: 0.526352121985
k: 25 - a: 0.444361463779 - p: 0.555958647658
k: 30 - a: 0.436146377894 - p: 0.550442529639
k: 35 - a: 0.433159073936 - p: 0.547819052905
k: 40 - a: 0.436146377894 - p: 0.54065441912
k: 45 - a: 0.432412247946 - p: 0.537909132101
k: 50 - a: 0.427184466019 - p: 0.542427587395
k: 55 - a: 0.433159073936 - p: 0.565367346144
k: 60 - a: 0.430918595967 - p: 0.550841108128
k: 65 - a: 0.42569081404 - p: 0.554094124881
k: 70 - a: 0.431665421957 - p: 0.56973939847
k: 75 - a: 0.421956684093 - p: 0.542448963417
k: 80 - a: 0.418969380134 - p: 0.551215056991
k: 85 - a: 0.418222554145 - p: 0.545034266871
k: 90 - a: 0.415982076176 - p: 0.562657792493
k: 95 - a: 0.405526512323 - p: 0.550606193031
k: 100 - a: 0.404779686333 - p: 0.554037820956

    KNeighborsClassifier
    k: 15 neighbors
    accuracy: 0.438386855863
    precision: 0.532346905742
    Matrix:

[[ 7  2  1 ...,  1  0  0]
 [ 0 15  0 ...,  3  0  0]
 [ 5  0  1 ...,  1  3  0]
 ..., 
 [ 0  0  0 ..., 17  0  0]
 [ 0  1  0 ...,  1 11  0]
 [ 0  0  0 ...,  0  0  8]]
    

    KNeighborsClassifier
    k: 20 neighbors
    accuracy: 0.435399551904
    precision: 0.526352121985
    Matrix:

[[ 7  1  1 ...,  2  0  0]
 [ 0 15  0 ...,  2  0  0]
 [ 6  0  1 ...,  2  3  0]
 ..., 
 [ 0  0  0 ..., 17  0  0]
 [ 0  1  0 ...,  1 10  0]
 [ 0  0  0 ...,  0  0  8]]
    

    KNeighborsClassifier
    k: 25 neighbors
    accuracy: 0.444361463779
    precision: 0.555958647658
    Matrix:

[[ 7  2  0 ...,  2  0  0]
 [ 0 15  0 ...,  2  0  0]
 [ 5  0  1 ...,  2  3  0]
 ..., 
 [ 0  0  0 ..., 17  0  0]
 [ 0  1  0 ...,  1 11  0]
 [ 0  0  0 ...,  0  0  8]]
    

    KNeighborsClassifier
    k: 30 neighbors
    accuracy: 0.436146377894
    precision: 0.550442529639
    Matrix:

[[10  2  0 ...,  1  0  0]
 [ 0 14  0 ...,  3  0  0]
 [ 4  0  1 ...,  2  3  0]
 ..., 
 [ 0  0  0 ..., 17  0  0]
 [ 0  1  0 ...,  1 11  0]
 [ 0  0  0 ...,  0  0  8]]
    

    KNeighborsClassifier
    k: 35 neighbors
    accuracy: 0.433159073936
    precision: 0.547819052905
    Matrix:

[[ 8  1  0 ...,  2  0  0]
 [ 0 13  0 ...,  3  0  0]
 [ 3  0  2 ...,  2  3  0]
 ..., 
 [ 0  0  0 ..., 17  0  0]
 [ 0  1  0 ...,  1 11  0]
 [ 0  0  0 ...,  0  0  8]]
    

    KNeighborsClassifier
    k: 40 neighbors
    accuracy: 0.436146377894
    precision: 0.54065441912
    Matrix:

[[ 7  1  0 ...,  1  0  0]
 [ 0 15  0 ...,  2  0  0]
 [ 5  0  1 ...,  2  3  0]
 ..., 
 [ 0  0  0 ..., 17  0  0]
 [ 0  1  0 ...,  0 12  0]
 [ 0  0  0 ...,  0  0  6]]
    

    KNeighborsClassifier
    k: 45 neighbors
    accuracy: 0.432412247946
    precision: 0.537909132101
    Matrix:

[[ 6  2  0 ...,  1  0  0]
 [ 0 15  0 ...,  2  0  0]
 [ 5  0  1 ...,  3  4  0]
 ..., 
 [ 0  0  0 ..., 17  0  0]
 [ 0  1  0 ...,  1 11  0]
 [ 0  0  0 ...,  0  0  6]]
    

    KNeighborsClassifier
    k: 50 neighbors
    accuracy: 0.427184466019
    precision: 0.542427587395
    Matrix:

[[ 7  2  0 ...,  1  0  0]
 [ 0 15  0 ...,  2  0  0]
 [ 5  0  1 ...,  3  4  0]
 ..., 
 [ 0  0  0 ..., 17  0  0]
 [ 0  1  0 ...,  1 11  0]
 [ 0  0  0 ...,  0  0  6]]
    

    KNeighborsClassifier
    k: 55 neighbors
    accuracy: 0.433159073936
    precision: 0.565367346144
    Matrix:

[[ 7  2  0 ...,  1  0  0]
 [ 0 15  0 ...,  2  0  0]
 [ 5  0  1 ...,  3  3  0]
 ..., 
 [ 0  0  0 ..., 17  0  0]
 [ 0  1  0 ...,  2 10  0]
 [ 0  0  0 ...,  0  0  4]]
    

    KNeighborsClassifier
    k: 60 neighbors
    accuracy: 0.430918595967
    precision: 0.550841108128
    Matrix:

[[ 7  2  0 ...,  1  0  0]
 [ 0 15  0 ...,  2  0  0]
 [ 5  0  0 ...,  3  4  0]
 ..., 
 [ 0  0  0 ..., 17  0  0]
 [ 0  1  0 ...,  1 11  0]
 [ 0  0  0 ...,  0  0  4]]
    

    KNeighborsClassifier
    k: 65 neighbors
    accuracy: 0.42569081404
    precision: 0.554094124881
    Matrix:

[[ 7  2  1 ...,  1  0  0]
 [ 0 15  0 ...,  2  0  0]
 [ 5  0  1 ...,  3  4  0]
 ..., 
 [ 0  0  0 ..., 16  0  0]
 [ 0  1  0 ...,  2 10  0]
 [ 0  0  0 ...,  0  0  4]]
    

    KNeighborsClassifier
    k: 70 neighbors
    accuracy: 0.431665421957
    precision: 0.56973939847
    Matrix:

[[ 7  2  0 ...,  2  0  0]
 [ 0 15  0 ...,  2  0  0]
 [ 4  0  2 ...,  3  4  0]
 ..., 
 [ 0  0  0 ..., 16  0  0]
 [ 0  1  0 ...,  0 12  0]
 [ 0  0  0 ...,  0  0  4]]
    

    KNeighborsClassifier
    k: 75 neighbors
    accuracy: 0.421956684093
    precision: 0.542448963417
    Matrix:

[[ 7  2  1 ...,  1  0  0]
 [ 0 15  0 ...,  2  0  0]
 [ 4  0  0 ...,  3  4  0]
 ..., 
 [ 0  0  0 ..., 16  0  0]
 [ 0  1  0 ...,  1 11  0]
 [ 0  0  0 ...,  0  0  4]]
    

    KNeighborsClassifier
    k: 80 neighbors
    accuracy: 0.418969380134
    precision: 0.551215056991
    Matrix:

[[ 7  2  1 ...,  1  0  0]
 [ 0 15  0 ...,  2  0  0]
 [ 4  0  0 ...,  3  4  0]
 ..., 
 [ 0  0  0 ..., 16  0  0]
 [ 0  1  0 ...,  1 11  0]
 [ 0  0  0 ...,  0  0  4]]
    

    KNeighborsClassifier
    k: 85 neighbors
    accuracy: 0.418222554145
    precision: 0.545034266871
    Matrix:

[[ 7  2  0 ...,  2  0  0]
 [ 0 15  0 ...,  2  0  0]
 [ 5  0  0 ...,  3  3  0]
 ..., 
 [ 0  0  0 ..., 16  0  0]
 [ 0  1  0 ...,  1 11  0]
 [ 0  0  0 ...,  0  0  4]]
    

    KNeighborsClassifier
    k: 90 neighbors
    accuracy: 0.415982076176
    precision: 0.562657792493
    Matrix:

[[ 7  2  0 ...,  2  0  0]
 [ 0 15  0 ...,  2  0  0]
 [ 5  0  1 ...,  3  3  0]
 ..., 
 [ 0  0  0 ..., 16  0  0]
 [ 0  1  0 ...,  1 11  0]
 [ 0  0  0 ...,  0  0  4]]
    

    KNeighborsClassifier
    k: 95 neighbors
    accuracy: 0.405526512323
    precision: 0.550606193031
    Matrix:

[[ 7  2  0 ...,  2  0  0]
 [ 0 14  0 ...,  3  0  0]
 [ 5  0  1 ...,  3  3  0]
 ..., 
 [ 0  0  0 ..., 16  0  0]
 [ 0  1  0 ...,  1 11  0]
 [ 0  0  0 ...,  0  0  4]]
    

    KNeighborsClassifier
    k: 100 neighbors
    accuracy: 0.404779686333
    precision: 0.554037820956
    Matrix:

[[ 7  2  0 ...,  2  0  0]
 [ 0 15  0 ...,  3  0  0]
 [ 5  0  1 ...,  3  3  0]
 ..., 
 [ 0  0  0 ..., 16  0  0]
 [ 0  1  0 ...,  1 12  0]
 [ 0  0  0 ...,  0  0  4]]
    
