max:
	n: 1000 - a: 0.910447761194

max:
	n: 1000 - p: 0.915401002506

n: 1000 - a: 0.910447761194 - p: 0.915401002506
n: 1050 - a: 0.870646766169 - p: 0.878123783457

    MLPClassifier binary
    n: 1000 hidden neurons
    accuracy: 0.910447761194
    Matrix:

[[20  0  0  0  0  0  0  0  0  0]
 [ 0 18  0  2  0  0  1  1  0  0]
 [ 0  0 17  1  1  1  0  0  0  0]
 [ 0  1  0 16  1  0  0  2  0  0]
 [ 0  0  0  0 19  0  0  0  0  0]
 [ 0  0  0  0  0 19  1  0  0  0]
 [ 1  1  0  0  0  0 18  1  0  0]
 [ 0  0  0  0  0  0  0 20  0  0]
 [ 0  0  0  0  0  1  0  0 19  0]
 [ 0  0  0  0  0  0  0  1  1 17]]
    

    MLPClassifier binary
    n: 1050 hidden neurons
    accuracy: 0.870646766169
    Matrix:

[[20  0  0  0  0  0  0  0  0  0]
 [ 0 17  2  0  0  0  1  2  0  0]
 [ 0  0 17  0  1  2  0  0  0  0]
 [ 0  0  0 15  1  0  1  3  0  0]
 [ 0  0  0  0 19  0  0  0  0  0]
 [ 0  0  0  0  0 16  4  0  0  0]
 [ 1  0  0  0  1  0 18  1  0  0]
 [ 0  0  0  1  1  1  0 17  0  0]
 [ 0  0  0  0  0  0  0  0 19  1]
 [ 0  0  0  1  0  0  0  0  1 17]]
    
