max:
	n: 6144 - s: 0.940298507463

n: 4096 - s: 0.915422885572
n: 6144 - s: 0.940298507463
n: 8192 - s: 0.915422885572

    MLPClassifier
    n: 4096 hidden neurons
    score: 0.915422885572
    Matrix:

[[20  0  0  0  0  0  0  0  0  0]
 [ 0 17  0  0  2  0  1  2  0  0]
 [ 0  0 19  0  0  1  0  0  0  0]
 [ 0  0  0 16  0  0  1  3  0  0]
 [ 0  0  0  0 19  0  0  0  0  0]
 [ 0  0  0  0  0 18  2  0  0  0]
 [ 0  0  0  0  0  1 20  0  0  0]
 [ 0  0  0  0  1  1  0 17  0  1]
 [ 0  0  0  0  0  0  1  0 19  0]
 [ 0  0  0  0  0  0  0  0  0 19]]


    MLPClassifier
    n: 6144 hidden neurons
    score: 0.940298507463
    Matrix:

[[19  0  0  0  0  0  1  0  0  0]
 [ 0 18  0  1  1  0  1  1  0  0]
 [ 0  0 19  0  0  0  1  0  0  0]
 [ 0  0  0 18  0  0  0  2  0  0]
 [ 0  0  0  0 19  0  0  0  0  0]
 [ 0  0  0  0  0 19  1  0  0  0]
 [ 1  0  0  0  0  0 20  0  0  0]
 [ 0  0  0  0  0  0  0 20  0  0]
 [ 1  0  0  0  0  0  0  0 18  1]
 [ 0  0  0  0  0  0  0  0  0 19]]


    MLPClassifier
    n: 8192 hidden neurons
    score: 0.915422885572
    Matrix:

[[20  0  0  0  0  0  0  0  0  0]
 [ 0 17  0  1  0  0  2  2  0  0]
 [ 0  0 17  2  0  1  0  0  0  0]
 [ 0  0  0 18  0  0  0  2  0  0]
 [ 0  0  0  0 19  0  0  0  0  0]
 [ 0  0  0  0  0 18  2  0  0  0]
 [ 0  0  0  0  0  0 20  1  0  0]
 [ 0  0  0  0  0  1  0 18  0  1]
 [ 0  0  0  0  0  0  0  0 19  1]
 [ 0  0  0  0  0  0  0  1  0 18]]
