max:
	n: 8192 - s: 0.935323383085

n: 4096 - s: 0.925373134328
n: 5120 - s: 0.930348258706
n: 6144 - s: 0.925373134328
n: 7168 - s: 0.92039800995
n: 8192 - s: 0.935323383085
n: 9216 - s: 0.925373134328

    MLPClassifier
    n: 4096 hidden neurons
    score: 0.925373134328
    Matrix:

[[20  0  0  0  0  0  0  0  0  0]
 [ 0 17  1  0  1  0  1  2  0  0]
 [ 0  0 19  1  0  0  0  0  0  0]
 [ 0  0  1 17  0  0  0  2  0  0]
 [ 0  0  0  0 19  0  0  0  0  0]
 [ 0  0  0  0  0 18  2  0  0  0]
 [ 0  0  0  0  0  1 20  0  0  0]
 [ 0  0  0  1  0  0  0 19  0  0]
 [ 0  0  0  0  0  0  1  0 19  0]
 [ 0  0  0  0  0  0  0  1  0 18]]


    MLPClassifier
    n: 5120 hidden neurons
    score: 0.930348258706
    Matrix:

[[20  0  0  0  0  0  0  0  0  0]
 [ 0 20  0  0  0  0  1  1  0  0]
 [ 0  0 18  0  0  2  0  0  0  0]
 [ 0  0  2 17  0  0  1  0  0  0]
 [ 0  0  0  0 19  0  0  0  0  0]
 [ 0  0  0  0  0 18  2  0  0  0]
 [ 1  0  0  0  0  0 19  1  0  0]
 [ 0  0  0  0  1  0  0 19  0  0]
 [ 1  0  0  0  0  0  0  0 18  1]
 [ 0  0  0  0  0  0  0  0  0 19]]


    MLPClassifier
    n: 6144 hidden neurons
    score: 0.925373134328
    Matrix:

[[20  0  0  0  0  0  0  0  0  0]
 [ 0 19  0  1  0  0  1  1  0  0]
 [ 0  0 18  0  0  2  0  0  0  0]
 [ 0  0  0 16  0  1  0  3  0  0]
 [ 0  0  0  0 19  0  0  0  0  0]
 [ 0  0  0  0  0 19  1  0  0  0]
 [ 1  0  0  0  0  1 19  0  0  0]
 [ 0  0  0  0  0  0  0 19  0  1]
 [ 0  0  0  0  0  0  0  0 19  1]
 [ 0  0  0  0  0  0  0  1  0 18]]


    MLPClassifier
    n: 7168 hidden neurons
    score: 0.92039800995
    Matrix:

[[19  0  0  0  0  0  1  0  0  0]
 [ 0 18  0  0  1  0  2  1  0  0]
 [ 1  0 18  1  0  0  0  0  0  0]
 [ 0  0  0 17  0  0  0  3  0  0]
 [ 0  0  0  0 19  0  0  0  0  0]
 [ 0  0  0  0  0 19  1  0  0  0]
 [ 0  0  0  0  1  0 20  0  0  0]
 [ 0  0  0  0  1  2  0 17  0  0]
 [ 0  0  0  0  0  0  0  0 19  1]
 [ 0  0  0  0  0  0  0  0  0 19]]


    MLPClassifier
    n: 8192 hidden neurons
    score: 0.935323383085
    Matrix:

[[20  0  0  0  0  0  0  0  0  0]
 [ 0 18  1  1  1  0  1  0  0  0]
 [ 0  0 18  0  0  2  0  0  0  0]
 [ 0  0  0 18  0  0  0  2  0  0]
 [ 0  0  0  0 19  0  0  0  0  0]
 [ 0  0  0  0  0 19  1  0  0  0]
 [ 0  0  0  0  0  1 20  0  0  0]
 [ 0  0  0  0  0  0  0 19  0  1]
 [ 0  0  0  0  0  0  0  0 19  1]
 [ 0  0  0  0  0  0  0  1  0 18]]


    MLPClassifier
    n: 9216 hidden neurons
    score: 0.925373134328
    Matrix:

[[20  0  0  0  0  0  0  0  0  0]
 [ 0 17  0  0  1  0  1  3  0  0]
 [ 0  0 20  0  0  0  0  0  0  0]
 [ 0  0  0 17  0  0  0  3  0  0]
 [ 0  0  0  0 19  0  0  0  0  0]
 [ 0  0  0  0  0 19  1  0  0  0]
 [ 0  1  0  0  0  1 18  1  0  0]
 [ 0  0  0  0  0  0  1 19  0  0]
 [ 1  0  0  0  0  0  0  0 18  1]
 [ 0  0  0  0  0  0  0  0  0 19]]
