max:
	n: 1000 - a: 0.546676624347

max:
	n: 1000 - p: 0.55368963365

n: 1000 - a: 0.546676624347 - p: 0.55368963365
n: 1050 - a: 0.533980582524 - p: 0.542496749665

    MLPClassifier binary
    n: 1000 hidden neurons
    accuracy: 0.546676624347
    Matrix:

[[ 8  4  0 ...,  0  0  0]
 [ 1 15  0 ...,  1  0  0]
 [ 2  0  9 ...,  0  2  0]
 ...,
 [ 0  1  0 ..., 15  0  0]
 [ 0  1  4 ...,  0  9  0]
 [ 0  0  0 ...,  0  0 12]]

    MLPClassifier binary
    n: 1050 hidden neurons
    accuracy: 0.533980582524
    Matrix:

[[11  0  0 ...,  0  0  0]
 [ 0  4  0 ...,  0  0  0]
 [ 0  0 12 ...,  0  0  0]
 ...,
 [ 0  1  0 ..., 10  0  0]
 [ 0  0  0 ...,  1 13  0]
 [ 0  0  0 ...,  0  0 16]]
