max:
	n: 7168 - a: 0.594473487677

max:
	n: 7168 - p: 0.601223295062

n: 1024 - a: 0.545182972367 - p: 0.552420835924
n: 2048 - a: 0.563853622106 - p: 0.5686976201
n: 3072 - a: 0.566094100075 - p: 0.574774174818
n: 4096 - a: 0.564600448096 - p: 0.571983551108
n: 5120 - a: 0.581777445855 - p: 0.585304960899
n: 6144 - a: 0.588498879761 - p: 0.584947922761
n: 7168 - a: 0.594473487677 - p: 0.601223295062

    MLPClassifier binary
    n: 1024 hidden neurons
    accuracy: 0.545182972367
    Matrix:

[[ 9  1  1 ...,  0  0  0]
 [ 0 15  1 ...,  1  0  0]
 [ 3  0  6 ...,  0  1  0]
 ..., 
 [ 0  0  0 ..., 15  0  0]
 [ 1  1  0 ...,  1 14  0]
 [ 0  0  0 ...,  0  0 11]]
    

    MLPClassifier binary
    n: 2048 hidden neurons
    accuracy: 0.563853622106
    Matrix:

[[ 7  2  1 ...,  0  0  0]
 [ 0 15  0 ...,  1  0  0]
 [ 3  0  6 ...,  0  3  0]
 ..., 
 [ 0  0  0 ..., 17  1  0]
 [ 0  1  2 ...,  0 11  0]
 [ 0  0  0 ...,  0  0 14]]
    

    MLPClassifier binary
    n: 3072 hidden neurons
    accuracy: 0.566094100075
    Matrix:

[[ 8  4  0 ...,  0  0  0]
 [ 0 16  1 ...,  1  0  0]
 [ 4  0  4 ...,  1  1  0]
 ..., 
 [ 0  1  0 ..., 17  0  0]
 [ 1  1  1 ...,  0 10  0]
 [ 0  0  0 ...,  0  0 14]]
    

    MLPClassifier binary
    n: 4096 hidden neurons
    accuracy: 0.564600448096
    Matrix:

[[ 8  3  1 ...,  0  0  0]
 [ 0 16  0 ...,  0  0  0]
 [ 5  0  5 ...,  0  2  0]
 ..., 
 [ 0  0  0 ..., 15  2  0]
 [ 0  1  1 ...,  0  8  0]
 [ 0  0  0 ...,  0  0 16]]
    

    MLPClassifier binary
    n: 5120 hidden neurons
    accuracy: 0.581777445855
    Matrix:

[[ 8  2  2 ...,  0  0  0]
 [ 0 17  0 ...,  0  0  0]
 [ 4  0  7 ...,  0  2  0]
 ..., 
 [ 0  0  0 ..., 17  0  0]
 [ 0  1  2 ...,  1 11  0]
 [ 0  0  0 ...,  0  0 13]]
    

    MLPClassifier binary
    n: 6144 hidden neurons
    accuracy: 0.588498879761
    Matrix:

[[11  2  0 ...,  0  0  0]
 [ 0 17  0 ...,  1  0  0]
 [ 3  0  8 ...,  0  1  0]
 ..., 
 [ 0  0  0 ..., 16  1  0]
 [ 0  1  3 ...,  0 10  0]
 [ 0  0  0 ...,  0  0 13]]
    

    MLPClassifier binary
    n: 7168 hidden neurons
    accuracy: 0.594473487677
    Matrix:

[[ 7  3  1 ...,  0  0  0]
 [ 0 17  1 ...,  0  0  0]
 [ 5  0  6 ...,  0  2  0]
 ..., 
 [ 0  0  0 ..., 17  0  0]
 [ 0  1  4 ...,  0 10  0]
 [ 0  0  0 ...,  0  0 12]]
    
