max:
	n: 1050 - a: 0.89552238806

max:
	n: 1050 - p: 0.900884939622

n: 1000 - a: 0.875621890547 - p: 0.88704791871
n: 1050 - a: 0.89552238806 - p: 0.900884939622

    MLPClassifier
    n: 1000 hidden neurons
    accuracy: 0.875621890547
    precision: 0.88704791871
    Matrix:

[[19  0  0  0  0  0  1  0  0  0]
 [ 0 16  0  0  2  0  1  3  0  0]
 [ 0  0 18  1  1  0  0  0  0  0]
 [ 0  0  0 15  0  1  2  2  0  0]
 [ 0  0  0  0 19  0  0  0  0  0]
 [ 0  0  0  0  0 18  2  0  0  0]
 [ 1  0  0  0  1  1 18  0  0  0]
 [ 0  0  0  0  0  0  0 18  0  2]
 [ 0  0  0  0  0  0  0  0 18  2]
 [ 0  0  0  0  0  0  0  1  1 17]]
    

    MLPClassifier
    n: 1050 hidden neurons
    accuracy: 0.89552238806
    precision: 0.900884939622
    Matrix:

[[20  0  0  0  0  0  0  0  0  0]
 [ 0 17  1  0  2  0  1  1  0  0]
 [ 0  0 18  1  0  1  0  0  0  0]
 [ 0  0  0 16  0  0  1  3  0  0]
 [ 0  0  0  0 19  0  0  0  0  0]
 [ 0  0  0  0  0 19  1  0  0  0]
 [ 1  0  0  0  1  1 16  2  0  0]
 [ 0  0  0  1  0  0  0 19  0  0]
 [ 0  0  0  0  0  0  1  0 18  1]
 [ 0  1  0  0  0  0  0  0  0 18]]
    
