max:
	n: 3072 - a: 0.930348258706

max:
	n: 3072 - p: 0.936800334169

n: 1024 - a: 0.900497512438 - p: 0.905635960785
n: 2048 - a: 0.875621890547 - p: 0.875975165186
n: 3072 - a: 0.930348258706 - p: 0.936800334169
n: 4096 - a: 0.92039800995 - p: 0.928789982202
n: 5120 - a: 0.910447761194 - p: 0.917973243385
n: 6144 - a: 0.925373134328 - p: 0.928995652349
n: 7168 - a: 0.925373134328 - p: 0.932389422172
n: 8192 - a: 0.930348258706 - p: 0.933795093795

    MLPClassifier binary
    n: 1024 hidden neurons
    accuracy: 0.900497512438
    Matrix:

[[20  0  0  0  0  0  0  0  0  0]
 [ 0 17  0  2  2  0  1  0  0  0]
 [ 0  0 18  0  0  1  0  0  0  1]
 [ 0  0  1 17  0  0  0  1  0  1]
 [ 0  0  0  0 19  0  0  0  0  0]
 [ 0  0  0  0  0 18  2  0  0  0]
 [ 1  0  0  0  2  1 17  0  0  0]
 [ 0  0  0  0  0  2  1 17  0  0]
 [ 0  0  0  0  0  0  0  0 19  1]
 [ 0  0  0  0  0  0  0  0  0 19]]
    

    MLPClassifier binary
    n: 2048 hidden neurons
    accuracy: 0.875621890547
    Matrix:

[[20  0  0  0  0  0  0  0  0  0]
 [ 0 19  1  1  0  0  1  0  0  0]
 [ 0  0 18  0  2  0  0  0  0  0]
 [ 0  2  0 15  0  0  0  3  0  0]
 [ 0  0  1  1 17  0  0  0  0  0]
 [ 0  0  1  0  0 17  2  0  0  0]
 [ 1  0  0  0  0  2 17  1  0  0]
 [ 0  1  0  0  0  0  1 17  0  1]
 [ 0  0  0  0  0  0  0  0 19  1]
 [ 0  0  0  1  0  0  0  0  1 17]]
    

    MLPClassifier binary
    n: 3072 hidden neurons
    accuracy: 0.930348258706
    Matrix:

[[20  0  0  0  0  0  0  0  0  0]
 [ 0 17  0  1  2  0  1  1  0  0]
 [ 0  0 20  0  0  0  0  0  0  0]
 [ 0  0  0 17  0  0  0  3  0  0]
 [ 0  0  1  0 18  0  0  0  0  0]
 [ 0  0  0  0  0 18  2  0  0  0]
 [ 0  0  0  0  0  0 21  0  0  0]
 [ 0  0  0  0  1  0  0 19  0  0]
 [ 0  0  0  0  0  0  0  0 19  1]
 [ 0  0  0  0  0  0  0  1  0 18]]
    

    MLPClassifier binary
    n: 4096 hidden neurons
    accuracy: 0.92039800995
    Matrix:

[[20  0  0  0  0  0  0  0  0  0]
 [ 0 19  0  0  0  0  2  1  0  0]
 [ 0  0 18  0  0  1  0  1  0  0]
 [ 0  0  0 17  0  0  0  3  0  0]
 [ 0  0  0  0 19  0  0  0  0  0]
 [ 0  0  0  0  0 18  2  0  0  0]
 [ 0  0  0  0  0  1 19  1  0  0]
 [ 0  0  0  1  1  0  0 18  0  0]
 [ 0  0  0  0  0  0  0  0 19  1]
 [ 0  0  0  0  0  0  0  1  0 18]]
    

    MLPClassifier binary
    n: 5120 hidden neurons
    accuracy: 0.910447761194
    Matrix:

[[19  0  0  0  0  0  1  0  0  0]
 [ 0 17  0  0  2  0  2  1  0  0]
 [ 0  0 18  0  1  1  0  0  0  0]
 [ 0  0  1 17  0  0  0  2  0  0]
 [ 0  0  0  0 19  0  0  0  0  0]
 [ 0  0  0  0  1 18  1  0  0  0]
 [ 0  0  0  0  0  1 20  0  0  0]
 [ 0  0  0  0  0  2  0 17  0  1]
 [ 0  0  0  0  0  0  0  0 19  1]
 [ 0  0  0  0  0  0  0  0  0 19]]
    

    MLPClassifier binary
    n: 6144 hidden neurons
    accuracy: 0.925373134328
    Matrix:

[[20  0  0  0  0  0  0  0  0  0]
 [ 0 19  0  1  0  0  1  1  0  0]
 [ 0  0 19  0  0  1  0  0  0  0]
 [ 0  0  1 16  0  0  1  2  0  0]
 [ 0  0  0  0 19  0  0  0  0  0]
 [ 0  0  0  0  0 18  2  0  0  0]
 [ 1  0  0  0  1  0 18  1  0  0]
 [ 0  0  0  0  0  0  0 19  0  1]
 [ 0  0  0  0  0  0  0  0 19  1]
 [ 0  0  0  0  0  0  0  0  0 19]]
    

    MLPClassifier binary
    n: 7168 hidden neurons
    accuracy: 0.925373134328
    Matrix:

[[20  0  0  0  0  0  0  0  0  0]
 [ 0 18  2  0  0  0  1  1  0  0]
 [ 0  0 20  0  0  0  0  0  0  0]
 [ 0  0  0 15  0  1  1  3  0  0]
 [ 0  0  0  0 19  0  0  0  0  0]
 [ 0  0  0  0  0 19  1  0  0  0]
 [ 2  0  0  0  0  1 18  0  0  0]
 [ 0  0  0  0  0  0  0 20  0  0]
 [ 1  0  0  0  0  0  0  0 18  1]
 [ 0  0  0  0  0  0  0  0  0 19]]
    

    MLPClassifier binary
    n: 8192 hidden neurons
    accuracy: 0.930348258706
    Matrix:

[[20  0  0  0  0  0  0  0  0  0]
 [ 0 17  2  0  1  0  1  1  0  0]
 [ 0  0 20  0  0  0  0  0  0  0]
 [ 0  0  0 17  0  0  0  3  0  0]
 [ 0  0  0  0 19  0  0  0  0  0]
 [ 0  0  0  0  0 19  1  0  0  0]
 [ 0  0  0  0  0  1 20  0  0  0]
 [ 0  0  0  0  0  0  0 18  0  2]
 [ 0  0  0  0  0  0  0  0 19  1]
 [ 0  0  0  1  0  0  0  0  0 18]]
    
