max:
	n: 9216 - s: 0.596713965646

n: 4096 - s: 0.570575056012
n: 5120 - s: 0.581030619866
n: 6144 - s: 0.586258401792
n: 7168 - s: 0.591486183719
n: 8192 - s: 0.589245705751
n: 9216 - s: 0.596713965646

    MLPClassifier
    n: 4096 hidden neurons
    score: 0.570575056012
    Matrix:

[[10  2  2 ...,  0  0  0]
 [ 0 16  0 ...,  0  0  0]
 [ 4  0  5 ...,  0  2  0]
 ...,
 [ 0  1  1 ..., 16  0  0]
 [ 0  1  3 ...,  0 10  0]
 [ 0  0  0 ...,  0  0 14]]


    MLPClassifier
    n: 5120 hidden neurons
    score: 0.581030619866
    Matrix:

[[ 9  3  0 ...,  0  0  0]
 [ 0 18  0 ...,  0  0  0]
 [ 4  0  6 ...,  0  1  0]
 ...,
 [ 0  1  0 ..., 17  0  0]
 [ 0  0  1 ...,  0 13  0]
 [ 0  0  0 ...,  0  0 12]]


    MLPClassifier
    n: 6144 hidden neurons
    score: 0.586258401792
    Matrix:

[[ 8  2  1 ...,  0  0  0]
 [ 0 17  0 ...,  0  0  0]
 [ 4  0  5 ...,  1  1  0]
 ...,
 [ 0  0  0 ..., 17  0  0]
 [ 0  1  2 ...,  0  9  0]
 [ 0  0  0 ...,  0  0 11]]


    MLPClassifier
    n: 7168 hidden neurons
    score: 0.591486183719
    Matrix:

[[10  2  0 ...,  0  0  0]
 [ 0 17  0 ...,  1  0  0]
 [ 4  0  5 ...,  1  1  0]
 ...,
 [ 0  0  1 ..., 17  0  0]
 [ 0  1  4 ...,  0 11  0]
 [ 0  0  0 ...,  0  0 13]]


    MLPClassifier
    n: 8192 hidden neurons
    score: 0.589245705751
    Matrix:

[[ 6  3  1 ...,  0  0  0]
 [ 1 16  0 ...,  1  0  0]
 [ 6  0  3 ...,  1  2  0]
 ...,
 [ 0  0  0 ..., 18  0  0]
 [ 0  1  1 ...,  0 11  0]
 [ 0  0  0 ...,  0  0 15]]


    MLPClassifier
    n: 9216 hidden neurons
    score: 0.596713965646
    Matrix:

[[10  3  0 ...,  0  0  0]
 [ 0 17  0 ...,  1  0  0]
 [ 3  0  7 ...,  0  1  0]
 ...,
 [ 0  0  0 ..., 19  0  0]
 [ 0  1  4 ...,  0 11  0]
 [ 0  0  0 ...,  0  0 14]]
