max:
	n: 1050 - a: 0.562359970127

max:
	n: 1050 - p: 0.567250052256

n: 1000 - a: 0.539208364451 - p: 0.550625857768
n: 1050 - a: 0.562359970127 - p: 0.567250052256

    MLPClassifier
    n: 1000 hidden neurons
    accuracy: 0.539208364451
    precision: 0.550625857768
    Matrix:

[[ 8  2  1 ...,  0  0  0]
 [ 1 13  0 ...,  0  0  0]
 [ 3  0  7 ...,  0  2  0]
 ..., 
 [ 0  0  1 ..., 17  0  0]
 [ 0  1  5 ...,  0  7  0]
 [ 0  0  0 ...,  0  0 12]]
    

    MLPClassifier
    n: 1050 hidden neurons
    accuracy: 0.562359970127
    precision: 0.567250052256
    Matrix:

[[10  2  1 ...,  0  0  0]
 [ 1 17  0 ...,  0  0  0]
 [ 3  0  6 ...,  1  0  0]
 ..., 
 [ 0  0  0 ..., 17  0  0]
 [ 0  1  3 ...,  0 11  0]
 [ 0  0  0 ...,  0  0  9]]
    
