max:
	n: 6144 - a: 0.595967139656

max:
	n: 6144 - p: 0.604715099837

n: 1024 - a: 0.545929798357 - p: 0.552683443241
n: 2048 - a: 0.559372666169 - p: 0.568782710075
n: 3072 - a: 0.564600448096 - p: 0.568312347139
n: 4096 - a: 0.562359970127 - p: 0.563277577382
n: 5120 - a: 0.592979835698 - p: 0.599050783067
n: 6144 - a: 0.595967139656 - p: 0.604715099837
n: 7168 - a: 0.583271097834 - p: 0.597296767862
n: 8192 - a: 0.586258401792 - p: 0.591971336606

    MLPClassifier
    n: 1024 hidden neurons
    accuracy: 0.545929798357
    precision: 0.552683443241
    Matrix:

[[ 8  1  1 ...,  0  1  0]
 [ 1 16  1 ...,  1  0  0]
 [ 6  0  5 ...,  0  2  0]
 ..., 
 [ 0  0  0 ..., 16  0  0]
 [ 0  1  0 ...,  1 12  0]
 [ 0  0  0 ...,  0  0 12]]
    

    MLPClassifier
    n: 2048 hidden neurons
    accuracy: 0.559372666169
    precision: 0.568782710075
    Matrix:

[[ 7  3  0 ...,  0  0  0]
 [ 0 16  0 ...,  1  0  0]
 [ 2  1  7 ...,  0  0  0]
 ..., 
 [ 0  0  0 ..., 18  0  0]
 [ 0  1  0 ...,  0 13  0]
 [ 0  0  0 ...,  0  0 13]]
    

    MLPClassifier
    n: 3072 hidden neurons
    accuracy: 0.564600448096
    precision: 0.568312347139
    Matrix:

[[ 9  1  1 ...,  0  0  1]
 [ 0 15  1 ...,  1  0  0]
 [ 5  0  3 ...,  1  1  0]
 ..., 
 [ 0  1  0 ..., 16  0  0]
 [ 0  2  3 ...,  0 11  0]
 [ 0  0  0 ...,  0  0 11]]
    

    MLPClassifier
    n: 4096 hidden neurons
    accuracy: 0.562359970127
    precision: 0.563277577382
    Matrix:

[[11  3  0 ...,  0  0  0]
 [ 0 16  1 ...,  0  0  0]
 [ 6  0  4 ...,  0  1  0]
 ..., 
 [ 0  0  0 ..., 17  0  0]
 [ 0  1  0 ...,  0 13  0]
 [ 0  0  1 ...,  0  0 10]]
    

    MLPClassifier
    n: 5120 hidden neurons
    accuracy: 0.592979835698
    precision: 0.599050783067
    Matrix:

[[ 8  2  1 ...,  0  0  0]
 [ 0 17  0 ...,  0  0  0]
 [ 4  0  4 ...,  0  1  0]
 ..., 
 [ 0  0  0 ..., 18  0  0]
 [ 0  1  3 ...,  0 11  0]
 [ 0  0  0 ...,  0  0 12]]
    

    MLPClassifier
    n: 6144 hidden neurons
    accuracy: 0.595967139656
    precision: 0.604715099837
    Matrix:

[[ 9  2  0 ...,  0  1  0]
 [ 0 19  0 ...,  0  0  0]
 [ 2  0  8 ...,  0  2  0]
 ..., 
 [ 0  1  0 ..., 16  1  0]
 [ 0  2  0 ...,  0 11  0]
 [ 0  0  0 ...,  0  0 15]]
    

    MLPClassifier
    n: 7168 hidden neurons
    accuracy: 0.583271097834
    precision: 0.597296767862
    Matrix:

[[ 7  2  2 ...,  0  0  0]
 [ 0 18  0 ...,  0  0  0]
 [ 5  0  5 ...,  0  1  0]
 ..., 
 [ 0  0  0 ..., 18  0  0]
 [ 0  0  3 ...,  1 12  0]
 [ 0  0  0 ...,  0  0 12]]
    

    MLPClassifier
    n: 8192 hidden neurons
    accuracy: 0.586258401792
    precision: 0.591971336606
    Matrix:

[[ 8  2  1 ...,  0  0  0]
 [ 0 17  0 ...,  0  0  0]
 [ 6  1  4 ...,  0  1  0]
 ..., 
 [ 0  0  0 ..., 18  0  0]
 [ 0  0  3 ...,  0  9  0]
 [ 0  0  0 ...,  0  0 13]]
    
