max:
	n: 8192 - a: 0.945273631841

max:
	n: 8192 - p: 0.949803312629

n: 1024 - a: 0.910447761194 - p: 0.912937315971
n: 2048 - a: 0.890547263682 - p: 0.903486436164
n: 3072 - a: 0.910447761194 - p: 0.916676217398
n: 4096 - a: 0.905472636816 - p: 0.912367281841
n: 5120 - a: 0.925373134328 - p: 0.926060985798
n: 6144 - a: 0.930348258706 - p: 0.9343001443
n: 7168 - a: 0.930348258706 - p: 0.936812411463
n: 8192 - a: 0.945273631841 - p: 0.949803312629
n: 9216 - a: 0.925373134328 - p: 0.927835877573

    MLPClassifier
    n: 1024 hidden neurons
    accuracy: 0.910447761194
    precision: 0.912937315971
    Matrix:

[[20  0  0  0  0  0  0  0  0  0]
 [ 0 18  1  1  0  0  1  1  0  0]
 [ 0  0 19  0  1  0  0  0  0  0]
 [ 0  0  1 15  0  1  0  3  0  0]
 [ 0  0  0  1 18  0  0  0  0  0]
 [ 0  0  0  0  0 18  2  0  0  0]
 [ 0  0  0  0  0  1 20  0  0  0]
 [ 0  0  0  0  0  1  0 18  0  1]
 [ 0  0  0  0  0  0  0  0 19  1]
 [ 0  0  0  0  0  0  0  0  1 18]]
    

    MLPClassifier
    n: 2048 hidden neurons
    accuracy: 0.890547263682
    precision: 0.903486436164
    Matrix:

[[19  0  0  0  0  0  1  0  0  0]
 [ 0 16  1  0  0  0  3  2  0  0]
 [ 0  0 18  0  0  2  0  0  0  0]
 [ 0  0  0 16  0  1  0  3  0  0]
 [ 0  0  0  1 18  0  0  0  0  0]
 [ 0  0  0  0  0 18  2  0  0  0]
 [ 0  0  0  0  1  1 18  1  0  0]
 [ 0  0  0  0  1  0  0 19  0  0]
 [ 0  0  0  0  0  0  0  0 19  1]
 [ 0  0  0  0  0  0  0  1  0 18]]
    

    MLPClassifier
    n: 3072 hidden neurons
    accuracy: 0.910447761194
    precision: 0.916676217398
    Matrix:

[[20  0  0  0  0  0  0  0  0  0]
 [ 0 19  2  0  0  0  0  1  0  0]
 [ 0  0 18  1  0  0  0  1  0  0]
 [ 0  0  0 16  0  0  1  3  0  0]
 [ 0  0  0  0 19  0  0  0  0  0]
 [ 0  0  0  0  0 18  2  0  0  0]
 [ 0  0  0  0  1  1 19  0  0  0]
 [ 0  1  0  0  1  0  0 18  0  0]
 [ 0  0  0  0  0  0  1  0 18  1]
 [ 0  0  0  0  0  0  0  1  0 18]]
    

    MLPClassifier
    n: 4096 hidden neurons
    accuracy: 0.905472636816
    precision: 0.912367281841
    Matrix:

[[20  0  0  0  0  0  0  0  0  0]
 [ 0 18  1  0  0  0  2  1  0  0]
 [ 0  0 18  0  0  1  1  0  0  0]
 [ 0  0  0 17  0  0  0  3  0  0]
 [ 0  0  0  0 19  0  0  0  0  0]
 [ 0  0  0  0  0 19  1  0  0  0]
 [ 1  0  0  0  0  1 18  1  0  0]
 [ 0  0  0  0  1  1  0 18  0  0]
 [ 0  0  0  0  0  0  0  0 18  2]
 [ 0  0  0  0  0  0  0  1  1 17]]
    

    MLPClassifier
    n: 5120 hidden neurons
    accuracy: 0.925373134328
    precision: 0.926060985798
    Matrix:

[[20  0  0  0  0  0  0  0  0  0]
 [ 0 19  0  0  1  0  1  1  0  0]
 [ 0  0 19  0  1  0  0  0  0  0]
 [ 0  0  2 17  0  0  0  1  0  0]
 [ 0  0  0  0 19  0  0  0  0  0]
 [ 0  0  0  0  0 19  1  0  0  0]
 [ 1  0  0  0  0  2 18  0  0  0]
 [ 0  0  0  0  0  0  0 19  0  1]
 [ 0  0  0  0  0  0  0  0 19  1]
 [ 0  0  0  1  0  0  0  0  1 17]]
    

    MLPClassifier
    n: 6144 hidden neurons
    accuracy: 0.930348258706
    precision: 0.9343001443
    Matrix:

[[20  0  0  0  0  0  0  0  0  0]
 [ 0 20  0  1  0  0  1  0  0  0]
 [ 0  0 17  1  0  2  0  0  0  0]
 [ 0  0  0 16  0  1  1  2  0  0]
 [ 0  0  0  0 19  0  0  0  0  0]
 [ 0  0  0  0  0 19  1  0  0  0]
 [ 0  0  0  0  0  0 20  1  0  0]
 [ 0  0  0  0  1  0  0 18  0  1]
 [ 0  0  0  0  0  0  1  0 19  0]
 [ 0  0  0  0  0  0  0  0  0 19]]
    

    MLPClassifier
    n: 7168 hidden neurons
    accuracy: 0.930348258706
    precision: 0.936812411463
    Matrix:

[[20  0  0  0  0  0  0  0  0  0]
 [ 0 17  2  0  0  0  1  2  0  0]
 [ 0  0 19  0  0  1  0  0  0  0]
 [ 0  0  0 17  0  0  0  3  0  0]
 [ 0  0  0  0 19  0  0  0  0  0]
 [ 0  0  0  0  0 18  2  0  0  0]
 [ 0  0  0  0  1  0 20  0  0  0]
 [ 0  0  0  0  0  0  0 19  0  1]
 [ 0  0  0  0  0  0  0  0 19  1]
 [ 0  0  0  0  0  0  0  0  0 19]]
    

    MLPClassifier
    n: 8192 hidden neurons
    accuracy: 0.945273631841
    precision: 0.949803312629
    Matrix:

[[20  0  0  0  0  0  0  0  0  0]
 [ 0 18  1  0  1  0  1  1  0  0]
 [ 0  0 20  0  0  0  0  0  0  0]
 [ 0  0  0 17  0  0  0  3  0  0]
 [ 0  0  0  0 19  0  0  0  0  0]
 [ 0  0  0  0  0 19  1  0  0  0]
 [ 0  0  0  0  0  1 20  0  0  0]
 [ 0  0  0  0  0  0  1 19  0  0]
 [ 0  0  0  0  0  0  0  0 19  1]
 [ 0  0  0  0  0  0  0  0  0 19]]
    

    MLPClassifier
    n: 9216 hidden neurons
    accuracy: 0.925373134328
    precision: 0.927835877573
    Matrix:

[[20  0  0  0  0  0  0  0  0  0]
 [ 0 19  1  0  1  0  0  1  0  0]
 [ 0  0 18  0  1  1  0  0  0  0]
 [ 0  0  0 17  0  1  0  2  0  0]
 [ 0  0  0  0 19  0  0  0  0  0]
 [ 0  0  0  0  0 18  2  0  0  0]
 [ 0  0  0  0  0  1 20  0  0  0]
 [ 0  0  0  1  0  1  0 18  0  0]
 [ 0  0  0  0  0  0  0  0 19  1]
 [ 0  1  0  0  0  0  0  0  0 18]]
    
