max:
	c: 0.5 - a: 0.999067164179

max:
	c: 0.5 - p: 0.999089697652

c: 0.5 - a: 0.999067164179 - p: 0.999089697652
c: 1.0 - a: 0.999067164179 - p: 0.999078455856
c: 1.5 - a: 0.999067164179 - p: 0.999087560857
c: 2.0 - a: 0.999067164179 - p: 0.999085257559
c: 2.5 - a: 0.999067164179 - p: 0.999085257559
c: 3.0 - a: 0.999067164179 - p: 0.999076152558
c: 3.5 - a: 0.999067164179 - p: 0.999078680671
c: 4.0 - a: 0.999067164179 - p: 0.999089697652
c: 4.5 - a: 0.999067164179 - p: 0.999085257559
c: 5.0 - a: 0.999067164179 - p: 0.999087560857
c: 5.5 - a: 0.999067164179 - p: 0.999087560857
c: 6.0 - a: 0.999067164179 - p: 0.999078680671
c: 6.5 - a: 0.999067164179 - p: 0.999087560857
c: 7.0 - a: 0.999067164179 - p: 0.999080592651
c: 7.5 - a: 0.999067164179 - p: 0.999083120764
c: 8.0 - a: 0.999067164179 - p: 0.999083120764
c: 8.5 - a: 0.999067164179 - p: 0.999076152558
c: 9.0 - a: 0.999067164179 - p: 0.999080592651
c: 9.5 - a: 0.999067164179 - p: 0.999085257559
c: 10.0 - a: 0.999067164179 - p: 0.999076152558

    LinearSVC
    c: 0.5 error penalty
    accuracy: 0.999067164179
    precision: 0.999089697652
    Matrix:

[[80  0  0 ...,  0  0  0]
 [ 0 80  0 ...,  0  0  0]
 [ 0  0 82 ...,  0  0  0]
 ..., 
 [ 0  0  0 ..., 79  0  0]
 [ 0  0  0 ...,  0 79  0]
 [ 0  0  0 ...,  0  0 79]]
    

    LinearSVC
    c: 1.0 error penalty
    accuracy: 0.999067164179
    precision: 0.999078455856
    Matrix:

[[80  0  0 ...,  0  0  0]
 [ 0 80  0 ...,  0  0  0]
 [ 0  0 82 ...,  0  0  0]
 ..., 
 [ 0  0  0 ..., 79  0  0]
 [ 0  0  0 ...,  0 79  0]
 [ 0  0  0 ...,  0  0 79]]
    

    LinearSVC
    c: 1.5 error penalty
    accuracy: 0.999067164179
    precision: 0.999087560857
    Matrix:

[[80  0  0 ...,  0  0  0]
 [ 0 80  0 ...,  0  0  0]
 [ 0  0 82 ...,  0  0  0]
 ..., 
 [ 0  0  0 ..., 79  0  0]
 [ 0  0  0 ...,  0 79  0]
 [ 0  0  0 ...,  0  0 79]]
    

    LinearSVC
    c: 2.0 error penalty
    accuracy: 0.999067164179
    precision: 0.999085257559
    Matrix:

[[80  0  0 ...,  0  0  0]
 [ 0 80  0 ...,  0  0  0]
 [ 0  0 82 ...,  0  0  0]
 ..., 
 [ 0  0  0 ..., 79  0  0]
 [ 0  0  0 ...,  0 79  0]
 [ 0  0  0 ...,  0  0 79]]
    

    LinearSVC
    c: 2.5 error penalty
    accuracy: 0.999067164179
    precision: 0.999085257559
    Matrix:

[[80  0  0 ...,  0  0  0]
 [ 0 80  0 ...,  0  0  0]
 [ 0  0 82 ...,  0  0  0]
 ..., 
 [ 0  0  0 ..., 79  0  0]
 [ 0  0  0 ...,  0 79  0]
 [ 0  0  0 ...,  0  0 79]]
    

    LinearSVC
    c: 3.0 error penalty
    accuracy: 0.999067164179
    precision: 0.999076152558
    Matrix:

[[80  0  0 ...,  0  0  0]
 [ 0 80  0 ...,  0  0  0]
 [ 0  0 82 ...,  0  0  0]
 ..., 
 [ 0  0  0 ..., 79  0  0]
 [ 0  0  0 ...,  0 79  0]
 [ 0  0  0 ...,  0  0 79]]
    

    LinearSVC
    c: 3.5 error penalty
    accuracy: 0.999067164179
    precision: 0.999078680671
    Matrix:

[[80  0  0 ...,  0  0  0]
 [ 0 80  0 ...,  0  0  0]
 [ 0  0 82 ...,  0  0  0]
 ..., 
 [ 0  0  0 ..., 79  0  0]
 [ 0  0  0 ...,  0 79  0]
 [ 0  0  0 ...,  0  0 79]]
    

    LinearSVC
    c: 4.0 error penalty
    accuracy: 0.999067164179
    precision: 0.999089697652
    Matrix:

[[80  0  0 ...,  0  0  0]
 [ 0 80  0 ...,  0  0  0]
 [ 0  0 82 ...,  0  0  0]
 ..., 
 [ 0  0  0 ..., 79  0  0]
 [ 0  0  0 ...,  0 79  0]
 [ 0  0  0 ...,  0  0 79]]
    

    LinearSVC
    c: 4.5 error penalty
    accuracy: 0.999067164179
    precision: 0.999085257559
    Matrix:

[[80  0  0 ...,  0  0  0]
 [ 0 80  0 ...,  0  0  0]
 [ 0  0 82 ...,  0  0  0]
 ..., 
 [ 0  0  0 ..., 79  0  0]
 [ 0  0  0 ...,  0 79  0]
 [ 0  0  0 ...,  0  0 79]]
    

    LinearSVC
    c: 5.0 error penalty
    accuracy: 0.999067164179
    precision: 0.999087560857
    Matrix:

[[80  0  0 ...,  0  0  0]
 [ 0 80  0 ...,  0  0  0]
 [ 0  0 82 ...,  0  0  0]
 ..., 
 [ 0  0  0 ..., 79  0  0]
 [ 0  0  0 ...,  0 79  0]
 [ 0  0  0 ...,  0  0 79]]
    

    LinearSVC
    c: 5.5 error penalty
    accuracy: 0.999067164179
    precision: 0.999087560857
    Matrix:

[[80  0  0 ...,  0  0  0]
 [ 0 80  0 ...,  0  0  0]
 [ 0  0 82 ...,  0  0  0]
 ..., 
 [ 0  0  0 ..., 79  0  0]
 [ 0  0  0 ...,  0 79  0]
 [ 0  0  0 ...,  0  0 79]]
    

    LinearSVC
    c: 6.0 error penalty
    accuracy: 0.999067164179
    precision: 0.999078680671
    Matrix:

[[80  0  0 ...,  0  0  0]
 [ 0 80  0 ...,  0  0  0]
 [ 0  0 82 ...,  0  0  0]
 ..., 
 [ 0  0  0 ..., 79  0  0]
 [ 0  0  0 ...,  0 79  0]
 [ 0  0  0 ...,  0  0 79]]
    

    LinearSVC
    c: 6.5 error penalty
    accuracy: 0.999067164179
    precision: 0.999087560857
    Matrix:

[[80  0  0 ...,  0  0  0]
 [ 0 80  0 ...,  0  0  0]
 [ 0  0 82 ...,  0  0  0]
 ..., 
 [ 0  0  0 ..., 79  0  0]
 [ 0  0  0 ...,  0 79  0]
 [ 0  0  0 ...,  0  0 79]]
    

    LinearSVC
    c: 7.0 error penalty
    accuracy: 0.999067164179
    precision: 0.999080592651
    Matrix:

[[80  0  0 ...,  0  0  0]
 [ 0 80  0 ...,  0  0  0]
 [ 0  0 82 ...,  0  0  0]
 ..., 
 [ 0  0  0 ..., 79  0  0]
 [ 0  0  0 ...,  0 79  0]
 [ 0  0  0 ...,  0  0 79]]
    

    LinearSVC
    c: 7.5 error penalty
    accuracy: 0.999067164179
    precision: 0.999083120764
    Matrix:

[[80  0  0 ...,  0  0  0]
 [ 0 80  0 ...,  0  0  0]
 [ 0  0 82 ...,  0  0  0]
 ..., 
 [ 0  0  0 ..., 79  0  0]
 [ 0  0  0 ...,  0 79  0]
 [ 0  0  0 ...,  0  0 79]]
    

    LinearSVC
    c: 8.0 error penalty
    accuracy: 0.999067164179
    precision: 0.999083120764
    Matrix:

[[80  0  0 ...,  0  0  0]
 [ 0 80  0 ...,  0  0  0]
 [ 0  0 82 ...,  0  0  0]
 ..., 
 [ 0  0  0 ..., 79  0  0]
 [ 0  0  0 ...,  0 79  0]
 [ 0  0  0 ...,  0  0 79]]
    

    LinearSVC
    c: 8.5 error penalty
    accuracy: 0.999067164179
    precision: 0.999076152558
    Matrix:

[[80  0  0 ...,  0  0  0]
 [ 0 80  0 ...,  0  0  0]
 [ 0  0 82 ...,  0  0  0]
 ..., 
 [ 0  0  0 ..., 79  0  0]
 [ 0  0  0 ...,  0 79  0]
 [ 0  0  0 ...,  0  0 79]]
    

    LinearSVC
    c: 9.0 error penalty
    accuracy: 0.999067164179
    precision: 0.999080592651
    Matrix:

[[80  0  0 ...,  0  0  0]
 [ 0 80  0 ...,  0  0  0]
 [ 0  0 82 ...,  0  0  0]
 ..., 
 [ 0  0  0 ..., 79  0  0]
 [ 0  0  0 ...,  0 79  0]
 [ 0  0  0 ...,  0  0 79]]
    

    LinearSVC
    c: 9.5 error penalty
    accuracy: 0.999067164179
    precision: 0.999085257559
    Matrix:

[[80  0  0 ...,  0  0  0]
 [ 0 80  0 ...,  0  0  0]
 [ 0  0 82 ...,  0  0  0]
 ..., 
 [ 0  0  0 ..., 79  0  0]
 [ 0  0  0 ...,  0 79  0]
 [ 0  0  0 ...,  0  0 79]]
    

    LinearSVC
    c: 10.0 error penalty
    accuracy: 0.999067164179
    precision: 0.999076152558
    Matrix:

[[80  0  0 ...,  0  0  0]
 [ 0 80  0 ...,  0  0  0]
 [ 0  0 82 ...,  0  0  0]
 ..., 
 [ 0  0  0 ..., 79  0  0]
 [ 0  0  0 ...,  0 79  0]
 [ 0  0  0 ...,  0  0 79]]
    
