max:
	c: 0.5 - a: 0.970149253731

max:
	c: 0.5 - p: 0.971542443064

c: 0.5 - a: 0.970149253731 - p: 0.971542443064
c: 1.0 - a: 0.970149253731 - p: 0.971542443064
c: 1.5 - a: 0.970149253731 - p: 0.971542443064
c: 2.0 - a: 0.970149253731 - p: 0.971542443064
c: 2.5 - a: 0.970149253731 - p: 0.971542443064
c: 3.0 - a: 0.970149253731 - p: 0.971542443064
c: 3.5 - a: 0.970149253731 - p: 0.971542443064
c: 4.0 - a: 0.970149253731 - p: 0.971542443064
c: 4.5 - a: 0.970149253731 - p: 0.971542443064
c: 5.0 - a: 0.970149253731 - p: 0.971542443064
c: 5.5 - a: 0.970149253731 - p: 0.971542443064
c: 6.0 - a: 0.970149253731 - p: 0.971542443064
c: 6.5 - a: 0.970149253731 - p: 0.971542443064
c: 7.0 - a: 0.970149253731 - p: 0.971542443064
c: 7.5 - a: 0.970149253731 - p: 0.971542443064
c: 8.0 - a: 0.970149253731 - p: 0.971542443064
c: 8.5 - a: 0.970149253731 - p: 0.971542443064
c: 9.0 - a: 0.970149253731 - p: 0.971542443064
c: 9.5 - a: 0.970149253731 - p: 0.971542443064
c: 10.0 - a: 0.970149253731 - p: 0.971542443064

    LinearSVC
    c: 0.5 error penalty
    accuracy: 0.970149253731
    precision: 0.971542443064
    Matrix:

[[20  0  0  0  0  0  0  0  0  0]
 [ 0 20  1  0  0  0  0  1  0  0]
 [ 0  0 20  0  0  0  0  0  0  0]
 [ 0  0  0 19  0  1  0  0  0  0]
 [ 0  0  0  0 19  0  0  0  0  0]
 [ 0  0  0  0  0 19  1  0  0  0]
 [ 0  0  0  0  0  0 21  0  0  0]
 [ 0  0  0  0  0  0  0 19  0  1]
 [ 0  0  0  0  0  0  1  0 19  0]
 [ 0  0  0  0  0  0  0  0  0 19]]
    

    LinearSVC
    c: 1.0 error penalty
    accuracy: 0.970149253731
    precision: 0.971542443064
    Matrix:

[[20  0  0  0  0  0  0  0  0  0]
 [ 0 20  1  0  0  0  0  1  0  0]
 [ 0  0 20  0  0  0  0  0  0  0]
 [ 0  0  0 19  0  1  0  0  0  0]
 [ 0  0  0  0 19  0  0  0  0  0]
 [ 0  0  0  0  0 19  1  0  0  0]
 [ 0  0  0  0  0  0 21  0  0  0]
 [ 0  0  0  0  0  0  0 19  0  1]
 [ 0  0  0  0  0  0  1  0 19  0]
 [ 0  0  0  0  0  0  0  0  0 19]]
    

    LinearSVC
    c: 1.5 error penalty
    accuracy: 0.970149253731
    precision: 0.971542443064
    Matrix:

[[20  0  0  0  0  0  0  0  0  0]
 [ 0 20  1  0  0  0  0  1  0  0]
 [ 0  0 20  0  0  0  0  0  0  0]
 [ 0  0  0 19  0  1  0  0  0  0]
 [ 0  0  0  0 19  0  0  0  0  0]
 [ 0  0  0  0  0 19  1  0  0  0]
 [ 0  0  0  0  0  0 21  0  0  0]
 [ 0  0  0  0  0  0  0 19  0  1]
 [ 0  0  0  0  0  0  1  0 19  0]
 [ 0  0  0  0  0  0  0  0  0 19]]
    

    LinearSVC
    c: 2.0 error penalty
    accuracy: 0.970149253731
    precision: 0.971542443064
    Matrix:

[[20  0  0  0  0  0  0  0  0  0]
 [ 0 20  1  0  0  0  0  1  0  0]
 [ 0  0 20  0  0  0  0  0  0  0]
 [ 0  0  0 19  0  1  0  0  0  0]
 [ 0  0  0  0 19  0  0  0  0  0]
 [ 0  0  0  0  0 19  1  0  0  0]
 [ 0  0  0  0  0  0 21  0  0  0]
 [ 0  0  0  0  0  0  0 19  0  1]
 [ 0  0  0  0  0  0  1  0 19  0]
 [ 0  0  0  0  0  0  0  0  0 19]]
    

    LinearSVC
    c: 2.5 error penalty
    accuracy: 0.970149253731
    precision: 0.971542443064
    Matrix:

[[20  0  0  0  0  0  0  0  0  0]
 [ 0 20  1  0  0  0  0  1  0  0]
 [ 0  0 20  0  0  0  0  0  0  0]
 [ 0  0  0 19  0  1  0  0  0  0]
 [ 0  0  0  0 19  0  0  0  0  0]
 [ 0  0  0  0  0 19  1  0  0  0]
 [ 0  0  0  0  0  0 21  0  0  0]
 [ 0  0  0  0  0  0  0 19  0  1]
 [ 0  0  0  0  0  0  1  0 19  0]
 [ 0  0  0  0  0  0  0  0  0 19]]
    

    LinearSVC
    c: 3.0 error penalty
    accuracy: 0.970149253731
    precision: 0.971542443064
    Matrix:

[[20  0  0  0  0  0  0  0  0  0]
 [ 0 20  1  0  0  0  0  1  0  0]
 [ 0  0 20  0  0  0  0  0  0  0]
 [ 0  0  0 19  0  1  0  0  0  0]
 [ 0  0  0  0 19  0  0  0  0  0]
 [ 0  0  0  0  0 19  1  0  0  0]
 [ 0  0  0  0  0  0 21  0  0  0]
 [ 0  0  0  0  0  0  0 19  0  1]
 [ 0  0  0  0  0  0  1  0 19  0]
 [ 0  0  0  0  0  0  0  0  0 19]]
    

    LinearSVC
    c: 3.5 error penalty
    accuracy: 0.970149253731
    precision: 0.971542443064
    Matrix:

[[20  0  0  0  0  0  0  0  0  0]
 [ 0 20  1  0  0  0  0  1  0  0]
 [ 0  0 20  0  0  0  0  0  0  0]
 [ 0  0  0 19  0  1  0  0  0  0]
 [ 0  0  0  0 19  0  0  0  0  0]
 [ 0  0  0  0  0 19  1  0  0  0]
 [ 0  0  0  0  0  0 21  0  0  0]
 [ 0  0  0  0  0  0  0 19  0  1]
 [ 0  0  0  0  0  0  1  0 19  0]
 [ 0  0  0  0  0  0  0  0  0 19]]
    

    LinearSVC
    c: 4.0 error penalty
    accuracy: 0.970149253731
    precision: 0.971542443064
    Matrix:

[[20  0  0  0  0  0  0  0  0  0]
 [ 0 20  1  0  0  0  0  1  0  0]
 [ 0  0 20  0  0  0  0  0  0  0]
 [ 0  0  0 19  0  1  0  0  0  0]
 [ 0  0  0  0 19  0  0  0  0  0]
 [ 0  0  0  0  0 19  1  0  0  0]
 [ 0  0  0  0  0  0 21  0  0  0]
 [ 0  0  0  0  0  0  0 19  0  1]
 [ 0  0  0  0  0  0  1  0 19  0]
 [ 0  0  0  0  0  0  0  0  0 19]]
    

    LinearSVC
    c: 4.5 error penalty
    accuracy: 0.970149253731
    precision: 0.971542443064
    Matrix:

[[20  0  0  0  0  0  0  0  0  0]
 [ 0 20  1  0  0  0  0  1  0  0]
 [ 0  0 20  0  0  0  0  0  0  0]
 [ 0  0  0 19  0  1  0  0  0  0]
 [ 0  0  0  0 19  0  0  0  0  0]
 [ 0  0  0  0  0 19  1  0  0  0]
 [ 0  0  0  0  0  0 21  0  0  0]
 [ 0  0  0  0  0  0  0 19  0  1]
 [ 0  0  0  0  0  0  1  0 19  0]
 [ 0  0  0  0  0  0  0  0  0 19]]
    

    LinearSVC
    c: 5.0 error penalty
    accuracy: 0.970149253731
    precision: 0.971542443064
    Matrix:

[[20  0  0  0  0  0  0  0  0  0]
 [ 0 20  1  0  0  0  0  1  0  0]
 [ 0  0 20  0  0  0  0  0  0  0]
 [ 0  0  0 19  0  1  0  0  0  0]
 [ 0  0  0  0 19  0  0  0  0  0]
 [ 0  0  0  0  0 19  1  0  0  0]
 [ 0  0  0  0  0  0 21  0  0  0]
 [ 0  0  0  0  0  0  0 19  0  1]
 [ 0  0  0  0  0  0  1  0 19  0]
 [ 0  0  0  0  0  0  0  0  0 19]]
    

    LinearSVC
    c: 5.5 error penalty
    accuracy: 0.970149253731
    precision: 0.971542443064
    Matrix:

[[20  0  0  0  0  0  0  0  0  0]
 [ 0 20  1  0  0  0  0  1  0  0]
 [ 0  0 20  0  0  0  0  0  0  0]
 [ 0  0  0 19  0  1  0  0  0  0]
 [ 0  0  0  0 19  0  0  0  0  0]
 [ 0  0  0  0  0 19  1  0  0  0]
 [ 0  0  0  0  0  0 21  0  0  0]
 [ 0  0  0  0  0  0  0 19  0  1]
 [ 0  0  0  0  0  0  1  0 19  0]
 [ 0  0  0  0  0  0  0  0  0 19]]
    

    LinearSVC
    c: 6.0 error penalty
    accuracy: 0.970149253731
    precision: 0.971542443064
    Matrix:

[[20  0  0  0  0  0  0  0  0  0]
 [ 0 20  1  0  0  0  0  1  0  0]
 [ 0  0 20  0  0  0  0  0  0  0]
 [ 0  0  0 19  0  1  0  0  0  0]
 [ 0  0  0  0 19  0  0  0  0  0]
 [ 0  0  0  0  0 19  1  0  0  0]
 [ 0  0  0  0  0  0 21  0  0  0]
 [ 0  0  0  0  0  0  0 19  0  1]
 [ 0  0  0  0  0  0  1  0 19  0]
 [ 0  0  0  0  0  0  0  0  0 19]]
    

    LinearSVC
    c: 6.5 error penalty
    accuracy: 0.970149253731
    precision: 0.971542443064
    Matrix:

[[20  0  0  0  0  0  0  0  0  0]
 [ 0 20  1  0  0  0  0  1  0  0]
 [ 0  0 20  0  0  0  0  0  0  0]
 [ 0  0  0 19  0  1  0  0  0  0]
 [ 0  0  0  0 19  0  0  0  0  0]
 [ 0  0  0  0  0 19  1  0  0  0]
 [ 0  0  0  0  0  0 21  0  0  0]
 [ 0  0  0  0  0  0  0 19  0  1]
 [ 0  0  0  0  0  0  1  0 19  0]
 [ 0  0  0  0  0  0  0  0  0 19]]
    

    LinearSVC
    c: 7.0 error penalty
    accuracy: 0.970149253731
    precision: 0.971542443064
    Matrix:

[[20  0  0  0  0  0  0  0  0  0]
 [ 0 20  1  0  0  0  0  1  0  0]
 [ 0  0 20  0  0  0  0  0  0  0]
 [ 0  0  0 19  0  1  0  0  0  0]
 [ 0  0  0  0 19  0  0  0  0  0]
 [ 0  0  0  0  0 19  1  0  0  0]
 [ 0  0  0  0  0  0 21  0  0  0]
 [ 0  0  0  0  0  0  0 19  0  1]
 [ 0  0  0  0  0  0  1  0 19  0]
 [ 0  0  0  0  0  0  0  0  0 19]]
    

    LinearSVC
    c: 7.5 error penalty
    accuracy: 0.970149253731
    precision: 0.971542443064
    Matrix:

[[20  0  0  0  0  0  0  0  0  0]
 [ 0 20  1  0  0  0  0  1  0  0]
 [ 0  0 20  0  0  0  0  0  0  0]
 [ 0  0  0 19  0  1  0  0  0  0]
 [ 0  0  0  0 19  0  0  0  0  0]
 [ 0  0  0  0  0 19  1  0  0  0]
 [ 0  0  0  0  0  0 21  0  0  0]
 [ 0  0  0  0  0  0  0 19  0  1]
 [ 0  0  0  0  0  0  1  0 19  0]
 [ 0  0  0  0  0  0  0  0  0 19]]
    

    LinearSVC
    c: 8.0 error penalty
    accuracy: 0.970149253731
    precision: 0.971542443064
    Matrix:

[[20  0  0  0  0  0  0  0  0  0]
 [ 0 20  1  0  0  0  0  1  0  0]
 [ 0  0 20  0  0  0  0  0  0  0]
 [ 0  0  0 19  0  1  0  0  0  0]
 [ 0  0  0  0 19  0  0  0  0  0]
 [ 0  0  0  0  0 19  1  0  0  0]
 [ 0  0  0  0  0  0 21  0  0  0]
 [ 0  0  0  0  0  0  0 19  0  1]
 [ 0  0  0  0  0  0  1  0 19  0]
 [ 0  0  0  0  0  0  0  0  0 19]]
    

    LinearSVC
    c: 8.5 error penalty
    accuracy: 0.970149253731
    precision: 0.971542443064
    Matrix:

[[20  0  0  0  0  0  0  0  0  0]
 [ 0 20  1  0  0  0  0  1  0  0]
 [ 0  0 20  0  0  0  0  0  0  0]
 [ 0  0  0 19  0  1  0  0  0  0]
 [ 0  0  0  0 19  0  0  0  0  0]
 [ 0  0  0  0  0 19  1  0  0  0]
 [ 0  0  0  0  0  0 21  0  0  0]
 [ 0  0  0  0  0  0  0 19  0  1]
 [ 0  0  0  0  0  0  1  0 19  0]
 [ 0  0  0  0  0  0  0  0  0 19]]
    

    LinearSVC
    c: 9.0 error penalty
    accuracy: 0.970149253731
    precision: 0.971542443064
    Matrix:

[[20  0  0  0  0  0  0  0  0  0]
 [ 0 20  1  0  0  0  0  1  0  0]
 [ 0  0 20  0  0  0  0  0  0  0]
 [ 0  0  0 19  0  1  0  0  0  0]
 [ 0  0  0  0 19  0  0  0  0  0]
 [ 0  0  0  0  0 19  1  0  0  0]
 [ 0  0  0  0  0  0 21  0  0  0]
 [ 0  0  0  0  0  0  0 19  0  1]
 [ 0  0  0  0  0  0  1  0 19  0]
 [ 0  0  0  0  0  0  0  0  0 19]]
    

    LinearSVC
    c: 9.5 error penalty
    accuracy: 0.970149253731
    precision: 0.971542443064
    Matrix:

[[20  0  0  0  0  0  0  0  0  0]
 [ 0 20  1  0  0  0  0  1  0  0]
 [ 0  0 20  0  0  0  0  0  0  0]
 [ 0  0  0 19  0  1  0  0  0  0]
 [ 0  0  0  0 19  0  0  0  0  0]
 [ 0  0  0  0  0 19  1  0  0  0]
 [ 0  0  0  0  0  0 21  0  0  0]
 [ 0  0  0  0  0  0  0 19  0  1]
 [ 0  0  0  0  0  0  1  0 19  0]
 [ 0  0  0  0  0  0  0  0  0 19]]
    

    LinearSVC
    c: 10.0 error penalty
    accuracy: 0.970149253731
    precision: 0.971542443064
    Matrix:

[[20  0  0  0  0  0  0  0  0  0]
 [ 0 20  1  0  0  0  0  1  0  0]
 [ 0  0 20  0  0  0  0  0  0  0]
 [ 0  0  0 19  0  1  0  0  0  0]
 [ 0  0  0  0 19  0  0  0  0  0]
 [ 0  0  0  0  0 19  1  0  0  0]
 [ 0  0  0  0  0  0 21  0  0  0]
 [ 0  0  0  0  0  0  0 19  0  1]
 [ 0  0  0  0  0  0  1  0 19  0]
 [ 0  0  0  0  0  0  0  0  0 19]]
    
