max:
	c: 0.5 - a: 1.0

max:
	c: 0.5 - p: 1.0

c: 0.5 - a: 1.0 - p: 1.0
c: 1.0 - a: 1.0 - p: 1.0
c: 1.5 - a: 1.0 - p: 1.0
c: 2.0 - a: 1.0 - p: 1.0
c: 2.5 - a: 1.0 - p: 1.0
c: 3.0 - a: 1.0 - p: 1.0
c: 3.5 - a: 1.0 - p: 1.0
c: 4.0 - a: 1.0 - p: 1.0
c: 4.5 - a: 1.0 - p: 1.0
c: 5.0 - a: 1.0 - p: 1.0
c: 5.5 - a: 1.0 - p: 1.0
c: 6.0 - a: 1.0 - p: 1.0
c: 6.5 - a: 1.0 - p: 1.0
c: 7.0 - a: 1.0 - p: 1.0
c: 7.5 - a: 1.0 - p: 1.0
c: 8.0 - a: 1.0 - p: 1.0
c: 8.5 - a: 1.0 - p: 1.0
c: 9.0 - a: 1.0 - p: 1.0
c: 9.5 - a: 1.0 - p: 1.0
c: 10.0 - a: 1.0 - p: 1.0

    LinearSVC
    c: 0.5 error penalty
    accuracy: 1.0
    precision: 1.0
    Matrix:

[[80  0  0  0  0  0  0  0  0  0]
 [ 0 78  0  0  0  0  0  0  0  0]
 [ 0  0 80  0  0  0  0  0  0  0]
 [ 0  0  0 80  0  0  0  0  0  0]
 [ 0  0  0  0 81  0  0  0  0  0]
 [ 0  0  0  0  0 80  0  0  0  0]
 [ 0  0  0  0  0  0 79  0  0  0]
 [ 0  0  0  0  0  0  0 80  0  0]
 [ 0  0  0  0  0  0  0  0 80  0]
 [ 0  0  0  0  0  0  0  0  0 81]]
    

    LinearSVC
    c: 1.0 error penalty
    accuracy: 1.0
    precision: 1.0
    Matrix:

[[80  0  0  0  0  0  0  0  0  0]
 [ 0 78  0  0  0  0  0  0  0  0]
 [ 0  0 80  0  0  0  0  0  0  0]
 [ 0  0  0 80  0  0  0  0  0  0]
 [ 0  0  0  0 81  0  0  0  0  0]
 [ 0  0  0  0  0 80  0  0  0  0]
 [ 0  0  0  0  0  0 79  0  0  0]
 [ 0  0  0  0  0  0  0 80  0  0]
 [ 0  0  0  0  0  0  0  0 80  0]
 [ 0  0  0  0  0  0  0  0  0 81]]
    

    LinearSVC
    c: 1.5 error penalty
    accuracy: 1.0
    precision: 1.0
    Matrix:

[[80  0  0  0  0  0  0  0  0  0]
 [ 0 78  0  0  0  0  0  0  0  0]
 [ 0  0 80  0  0  0  0  0  0  0]
 [ 0  0  0 80  0  0  0  0  0  0]
 [ 0  0  0  0 81  0  0  0  0  0]
 [ 0  0  0  0  0 80  0  0  0  0]
 [ 0  0  0  0  0  0 79  0  0  0]
 [ 0  0  0  0  0  0  0 80  0  0]
 [ 0  0  0  0  0  0  0  0 80  0]
 [ 0  0  0  0  0  0  0  0  0 81]]
    

    LinearSVC
    c: 2.0 error penalty
    accuracy: 1.0
    precision: 1.0
    Matrix:

[[80  0  0  0  0  0  0  0  0  0]
 [ 0 78  0  0  0  0  0  0  0  0]
 [ 0  0 80  0  0  0  0  0  0  0]
 [ 0  0  0 80  0  0  0  0  0  0]
 [ 0  0  0  0 81  0  0  0  0  0]
 [ 0  0  0  0  0 80  0  0  0  0]
 [ 0  0  0  0  0  0 79  0  0  0]
 [ 0  0  0  0  0  0  0 80  0  0]
 [ 0  0  0  0  0  0  0  0 80  0]
 [ 0  0  0  0  0  0  0  0  0 81]]
    

    LinearSVC
    c: 2.5 error penalty
    accuracy: 1.0
    precision: 1.0
    Matrix:

[[80  0  0  0  0  0  0  0  0  0]
 [ 0 78  0  0  0  0  0  0  0  0]
 [ 0  0 80  0  0  0  0  0  0  0]
 [ 0  0  0 80  0  0  0  0  0  0]
 [ 0  0  0  0 81  0  0  0  0  0]
 [ 0  0  0  0  0 80  0  0  0  0]
 [ 0  0  0  0  0  0 79  0  0  0]
 [ 0  0  0  0  0  0  0 80  0  0]
 [ 0  0  0  0  0  0  0  0 80  0]
 [ 0  0  0  0  0  0  0  0  0 81]]
    

    LinearSVC
    c: 3.0 error penalty
    accuracy: 1.0
    precision: 1.0
    Matrix:

[[80  0  0  0  0  0  0  0  0  0]
 [ 0 78  0  0  0  0  0  0  0  0]
 [ 0  0 80  0  0  0  0  0  0  0]
 [ 0  0  0 80  0  0  0  0  0  0]
 [ 0  0  0  0 81  0  0  0  0  0]
 [ 0  0  0  0  0 80  0  0  0  0]
 [ 0  0  0  0  0  0 79  0  0  0]
 [ 0  0  0  0  0  0  0 80  0  0]
 [ 0  0  0  0  0  0  0  0 80  0]
 [ 0  0  0  0  0  0  0  0  0 81]]
    

    LinearSVC
    c: 3.5 error penalty
    accuracy: 1.0
    precision: 1.0
    Matrix:

[[80  0  0  0  0  0  0  0  0  0]
 [ 0 78  0  0  0  0  0  0  0  0]
 [ 0  0 80  0  0  0  0  0  0  0]
 [ 0  0  0 80  0  0  0  0  0  0]
 [ 0  0  0  0 81  0  0  0  0  0]
 [ 0  0  0  0  0 80  0  0  0  0]
 [ 0  0  0  0  0  0 79  0  0  0]
 [ 0  0  0  0  0  0  0 80  0  0]
 [ 0  0  0  0  0  0  0  0 80  0]
 [ 0  0  0  0  0  0  0  0  0 81]]
    

    LinearSVC
    c: 4.0 error penalty
    accuracy: 1.0
    precision: 1.0
    Matrix:

[[80  0  0  0  0  0  0  0  0  0]
 [ 0 78  0  0  0  0  0  0  0  0]
 [ 0  0 80  0  0  0  0  0  0  0]
 [ 0  0  0 80  0  0  0  0  0  0]
 [ 0  0  0  0 81  0  0  0  0  0]
 [ 0  0  0  0  0 80  0  0  0  0]
 [ 0  0  0  0  0  0 79  0  0  0]
 [ 0  0  0  0  0  0  0 80  0  0]
 [ 0  0  0  0  0  0  0  0 80  0]
 [ 0  0  0  0  0  0  0  0  0 81]]
    

    LinearSVC
    c: 4.5 error penalty
    accuracy: 1.0
    precision: 1.0
    Matrix:

[[80  0  0  0  0  0  0  0  0  0]
 [ 0 78  0  0  0  0  0  0  0  0]
 [ 0  0 80  0  0  0  0  0  0  0]
 [ 0  0  0 80  0  0  0  0  0  0]
 [ 0  0  0  0 81  0  0  0  0  0]
 [ 0  0  0  0  0 80  0  0  0  0]
 [ 0  0  0  0  0  0 79  0  0  0]
 [ 0  0  0  0  0  0  0 80  0  0]
 [ 0  0  0  0  0  0  0  0 80  0]
 [ 0  0  0  0  0  0  0  0  0 81]]
    

    LinearSVC
    c: 5.0 error penalty
    accuracy: 1.0
    precision: 1.0
    Matrix:

[[80  0  0  0  0  0  0  0  0  0]
 [ 0 78  0  0  0  0  0  0  0  0]
 [ 0  0 80  0  0  0  0  0  0  0]
 [ 0  0  0 80  0  0  0  0  0  0]
 [ 0  0  0  0 81  0  0  0  0  0]
 [ 0  0  0  0  0 80  0  0  0  0]
 [ 0  0  0  0  0  0 79  0  0  0]
 [ 0  0  0  0  0  0  0 80  0  0]
 [ 0  0  0  0  0  0  0  0 80  0]
 [ 0  0  0  0  0  0  0  0  0 81]]
    

    LinearSVC
    c: 5.5 error penalty
    accuracy: 1.0
    precision: 1.0
    Matrix:

[[80  0  0  0  0  0  0  0  0  0]
 [ 0 78  0  0  0  0  0  0  0  0]
 [ 0  0 80  0  0  0  0  0  0  0]
 [ 0  0  0 80  0  0  0  0  0  0]
 [ 0  0  0  0 81  0  0  0  0  0]
 [ 0  0  0  0  0 80  0  0  0  0]
 [ 0  0  0  0  0  0 79  0  0  0]
 [ 0  0  0  0  0  0  0 80  0  0]
 [ 0  0  0  0  0  0  0  0 80  0]
 [ 0  0  0  0  0  0  0  0  0 81]]
    

    LinearSVC
    c: 6.0 error penalty
    accuracy: 1.0
    precision: 1.0
    Matrix:

[[80  0  0  0  0  0  0  0  0  0]
 [ 0 78  0  0  0  0  0  0  0  0]
 [ 0  0 80  0  0  0  0  0  0  0]
 [ 0  0  0 80  0  0  0  0  0  0]
 [ 0  0  0  0 81  0  0  0  0  0]
 [ 0  0  0  0  0 80  0  0  0  0]
 [ 0  0  0  0  0  0 79  0  0  0]
 [ 0  0  0  0  0  0  0 80  0  0]
 [ 0  0  0  0  0  0  0  0 80  0]
 [ 0  0  0  0  0  0  0  0  0 81]]
    

    LinearSVC
    c: 6.5 error penalty
    accuracy: 1.0
    precision: 1.0
    Matrix:

[[80  0  0  0  0  0  0  0  0  0]
 [ 0 78  0  0  0  0  0  0  0  0]
 [ 0  0 80  0  0  0  0  0  0  0]
 [ 0  0  0 80  0  0  0  0  0  0]
 [ 0  0  0  0 81  0  0  0  0  0]
 [ 0  0  0  0  0 80  0  0  0  0]
 [ 0  0  0  0  0  0 79  0  0  0]
 [ 0  0  0  0  0  0  0 80  0  0]
 [ 0  0  0  0  0  0  0  0 80  0]
 [ 0  0  0  0  0  0  0  0  0 81]]
    

    LinearSVC
    c: 7.0 error penalty
    accuracy: 1.0
    precision: 1.0
    Matrix:

[[80  0  0  0  0  0  0  0  0  0]
 [ 0 78  0  0  0  0  0  0  0  0]
 [ 0  0 80  0  0  0  0  0  0  0]
 [ 0  0  0 80  0  0  0  0  0  0]
 [ 0  0  0  0 81  0  0  0  0  0]
 [ 0  0  0  0  0 80  0  0  0  0]
 [ 0  0  0  0  0  0 79  0  0  0]
 [ 0  0  0  0  0  0  0 80  0  0]
 [ 0  0  0  0  0  0  0  0 80  0]
 [ 0  0  0  0  0  0  0  0  0 81]]
    

    LinearSVC
    c: 7.5 error penalty
    accuracy: 1.0
    precision: 1.0
    Matrix:

[[80  0  0  0  0  0  0  0  0  0]
 [ 0 78  0  0  0  0  0  0  0  0]
 [ 0  0 80  0  0  0  0  0  0  0]
 [ 0  0  0 80  0  0  0  0  0  0]
 [ 0  0  0  0 81  0  0  0  0  0]
 [ 0  0  0  0  0 80  0  0  0  0]
 [ 0  0  0  0  0  0 79  0  0  0]
 [ 0  0  0  0  0  0  0 80  0  0]
 [ 0  0  0  0  0  0  0  0 80  0]
 [ 0  0  0  0  0  0  0  0  0 81]]
    

    LinearSVC
    c: 8.0 error penalty
    accuracy: 1.0
    precision: 1.0
    Matrix:

[[80  0  0  0  0  0  0  0  0  0]
 [ 0 78  0  0  0  0  0  0  0  0]
 [ 0  0 80  0  0  0  0  0  0  0]
 [ 0  0  0 80  0  0  0  0  0  0]
 [ 0  0  0  0 81  0  0  0  0  0]
 [ 0  0  0  0  0 80  0  0  0  0]
 [ 0  0  0  0  0  0 79  0  0  0]
 [ 0  0  0  0  0  0  0 80  0  0]
 [ 0  0  0  0  0  0  0  0 80  0]
 [ 0  0  0  0  0  0  0  0  0 81]]
    

    LinearSVC
    c: 8.5 error penalty
    accuracy: 1.0
    precision: 1.0
    Matrix:

[[80  0  0  0  0  0  0  0  0  0]
 [ 0 78  0  0  0  0  0  0  0  0]
 [ 0  0 80  0  0  0  0  0  0  0]
 [ 0  0  0 80  0  0  0  0  0  0]
 [ 0  0  0  0 81  0  0  0  0  0]
 [ 0  0  0  0  0 80  0  0  0  0]
 [ 0  0  0  0  0  0 79  0  0  0]
 [ 0  0  0  0  0  0  0 80  0  0]
 [ 0  0  0  0  0  0  0  0 80  0]
 [ 0  0  0  0  0  0  0  0  0 81]]
    

    LinearSVC
    c: 9.0 error penalty
    accuracy: 1.0
    precision: 1.0
    Matrix:

[[80  0  0  0  0  0  0  0  0  0]
 [ 0 78  0  0  0  0  0  0  0  0]
 [ 0  0 80  0  0  0  0  0  0  0]
 [ 0  0  0 80  0  0  0  0  0  0]
 [ 0  0  0  0 81  0  0  0  0  0]
 [ 0  0  0  0  0 80  0  0  0  0]
 [ 0  0  0  0  0  0 79  0  0  0]
 [ 0  0  0  0  0  0  0 80  0  0]
 [ 0  0  0  0  0  0  0  0 80  0]
 [ 0  0  0  0  0  0  0  0  0 81]]
    

    LinearSVC
    c: 9.5 error penalty
    accuracy: 1.0
    precision: 1.0
    Matrix:

[[80  0  0  0  0  0  0  0  0  0]
 [ 0 78  0  0  0  0  0  0  0  0]
 [ 0  0 80  0  0  0  0  0  0  0]
 [ 0  0  0 80  0  0  0  0  0  0]
 [ 0  0  0  0 81  0  0  0  0  0]
 [ 0  0  0  0  0 80  0  0  0  0]
 [ 0  0  0  0  0  0 79  0  0  0]
 [ 0  0  0  0  0  0  0 80  0  0]
 [ 0  0  0  0  0  0  0  0 80  0]
 [ 0  0  0  0  0  0  0  0  0 81]]
    

    LinearSVC
    c: 10.0 error penalty
    accuracy: 1.0
    precision: 1.0
    Matrix:

[[80  0  0  0  0  0  0  0  0  0]
 [ 0 78  0  0  0  0  0  0  0  0]
 [ 0  0 80  0  0  0  0  0  0  0]
 [ 0  0  0 80  0  0  0  0  0  0]
 [ 0  0  0  0 81  0  0  0  0  0]
 [ 0  0  0  0  0 80  0  0  0  0]
 [ 0  0  0  0  0  0 79  0  0  0]
 [ 0  0  0  0  0  0  0 80  0  0]
 [ 0  0  0  0  0  0  0  0 80  0]
 [ 0  0  0  0  0  0  0  0  0 81]]
    
