max:
	c: 2.5 - a: 0.643764002987

max:
	c: 2.5 - p: 0.647550104501

c: 0.5 - a: 0.642270351008 - p: 0.644512353741
c: 1.0 - a: 0.642270351008 - p: 0.644320053371
c: 1.5 - a: 0.641523525019 - p: 0.644099900119
c: 2.0 - a: 0.64002987304 - p: 0.642682156268
c: 2.5 - a: 0.643764002987 - p: 0.647550104501
c: 3.0 - a: 0.64002987304 - p: 0.641817170553
c: 3.5 - a: 0.640776699029 - p: 0.643714827466
c: 4.0 - a: 0.63928304705 - p: 0.641627006271
c: 4.5 - a: 0.643764002987 - p: 0.646060917717
c: 5.0 - a: 0.643017176998 - p: 0.646810403126
c: 5.5 - a: 0.640776699029 - p: 0.644650875422
c: 6.0 - a: 0.641523525019 - p: 0.645349219308
c: 6.5 - a: 0.64002987304 - p: 0.642297842928
c: 7.0 - a: 0.64002987304 - p: 0.642874182779
c: 7.5 - a: 0.641523525019 - p: 0.643666391062
c: 8.0 - a: 0.642270351008 - p: 0.64524559886
c: 8.5 - a: 0.641523525019 - p: 0.643731745609
c: 9.0 - a: 0.63928304705 - p: 0.642931534037
c: 9.5 - a: 0.642270351008 - p: 0.644630796638
c: 10.0 - a: 0.643017176998 - p: 0.646251587787

    LinearSVC
    c: 0.5 error penalty
    accuracy: 0.642270351008
    precision: 0.644512353741
    Matrix:

[[ 9  3  0 ...,  0  0  0]
 [ 0 18  0 ...,  0  0  0]
 [ 5  0  6 ...,  0  2  0]
 ..., 
 [ 0  0  0 ..., 19  0  0]
 [ 0  0  2 ...,  0 13  0]
 [ 0  0  0 ...,  0  0 15]]
    

    LinearSVC
    c: 1.0 error penalty
    accuracy: 0.642270351008
    precision: 0.644320053371
    Matrix:

[[ 9  3  0 ...,  0  0  0]
 [ 0 18  0 ...,  0  0  0]
 [ 5  0  6 ...,  0  2  0]
 ..., 
 [ 0  0  0 ..., 19  0  0]
 [ 0  0  2 ...,  0 13  0]
 [ 0  0  0 ...,  0  0 15]]
    

    LinearSVC
    c: 1.5 error penalty
    accuracy: 0.641523525019
    precision: 0.644099900119
    Matrix:

[[ 9  3  0 ...,  0  0  0]
 [ 0 18  0 ...,  0  0  0]
 [ 5  0  6 ...,  0  2  0]
 ..., 
 [ 0  0  0 ..., 19  0  0]
 [ 0  0  2 ...,  0 13  0]
 [ 0  0  0 ...,  0  0 15]]
    

    LinearSVC
    c: 2.0 error penalty
    accuracy: 0.64002987304
    precision: 0.642682156268
    Matrix:

[[ 9  3  0 ...,  0  0  0]
 [ 0 18  0 ...,  0  0  0]
 [ 5  0  6 ...,  0  2  0]
 ..., 
 [ 0  0  0 ..., 19  0  0]
 [ 0  0  2 ...,  0 13  0]
 [ 0  0  0 ...,  0  0 15]]
    

    LinearSVC
    c: 2.5 error penalty
    accuracy: 0.643764002987
    precision: 0.647550104501
    Matrix:

[[ 9  3  0 ...,  0  0  0]
 [ 0 18  0 ...,  0  0  0]
 [ 5  0  6 ...,  0  2  0]
 ..., 
 [ 0  0  0 ..., 19  0  0]
 [ 0  0  2 ...,  0 13  0]
 [ 0  0  0 ...,  0  0 15]]
    

    LinearSVC
    c: 3.0 error penalty
    accuracy: 0.64002987304
    precision: 0.641817170553
    Matrix:

[[ 9  3  0 ...,  0  0  0]
 [ 0 18  0 ...,  0  0  0]
 [ 5  0  6 ...,  0  2  0]
 ..., 
 [ 0  0  0 ..., 19  0  0]
 [ 0  0  2 ...,  0 13  0]
 [ 0  0  0 ...,  0  0 15]]
    

    LinearSVC
    c: 3.5 error penalty
    accuracy: 0.640776699029
    precision: 0.643714827466
    Matrix:

[[ 9  3  0 ...,  0  0  0]
 [ 0 18  0 ...,  0  0  0]
 [ 5  0  6 ...,  0  2  0]
 ..., 
 [ 0  0  0 ..., 19  0  0]
 [ 0  0  2 ...,  0 13  0]
 [ 0  0  0 ...,  0  0 15]]
    

    LinearSVC
    c: 4.0 error penalty
    accuracy: 0.63928304705
    precision: 0.641627006271
    Matrix:

[[ 9  3  0 ...,  0  0  0]
 [ 0 17  0 ...,  0  0  0]
 [ 5  0  6 ...,  0  2  0]
 ..., 
 [ 0  0  0 ..., 19  0  0]
 [ 0  0  2 ...,  0 13  0]
 [ 0  0  0 ...,  0  0 15]]
    

    LinearSVC
    c: 4.5 error penalty
    accuracy: 0.643764002987
    precision: 0.646060917717
    Matrix:

[[ 9  3  0 ...,  0  0  0]
 [ 0 18  0 ...,  0  0  0]
 [ 5  0  6 ...,  0  2  0]
 ..., 
 [ 0  0  0 ..., 19  0  0]
 [ 0  0  2 ...,  0 13  0]
 [ 0  0  0 ...,  0  0 15]]
    

    LinearSVC
    c: 5.0 error penalty
    accuracy: 0.643017176998
    precision: 0.646810403126
    Matrix:

[[ 9  3  0 ...,  0  0  0]
 [ 0 18  0 ...,  0  0  0]
 [ 5  0  6 ...,  0  2  0]
 ..., 
 [ 0  0  0 ..., 19  0  0]
 [ 0  0  2 ...,  0 14  0]
 [ 0  0  0 ...,  0  0 15]]
    

    LinearSVC
    c: 5.5 error penalty
    accuracy: 0.640776699029
    precision: 0.644650875422
    Matrix:

[[ 9  3  0 ...,  0  0  0]
 [ 0 18  0 ...,  0  0  0]
 [ 4  0  6 ...,  0  2  0]
 ..., 
 [ 0  0  0 ..., 19  0  0]
 [ 0  0  2 ...,  0 13  0]
 [ 0  0  0 ...,  0  0 15]]
    

    LinearSVC
    c: 6.0 error penalty
    accuracy: 0.641523525019
    precision: 0.645349219308
    Matrix:

[[ 9  3  0 ...,  0  0  0]
 [ 0 18  0 ...,  0  0  0]
 [ 5  0  6 ...,  0  2  0]
 ..., 
 [ 0  0  0 ..., 19  0  0]
 [ 0  0  2 ...,  0 13  0]
 [ 0  0  0 ...,  0  0 15]]
    

    LinearSVC
    c: 6.5 error penalty
    accuracy: 0.64002987304
    precision: 0.642297842928
    Matrix:

[[ 9  3  0 ...,  0  0  0]
 [ 0 18  0 ...,  0  0  0]
 [ 5  0  6 ...,  0  2  0]
 ..., 
 [ 0  0  0 ..., 19  0  0]
 [ 0  0  2 ...,  0 13  0]
 [ 0  0  0 ...,  0  0 15]]
    

    LinearSVC
    c: 7.0 error penalty
    accuracy: 0.64002987304
    precision: 0.642874182779
    Matrix:

[[ 9  3  0 ...,  0  0  0]
 [ 0 18  0 ...,  0  0  0]
 [ 5  0  6 ...,  0  2  0]
 ..., 
 [ 0  0  0 ..., 19  0  0]
 [ 0  0  2 ...,  0 13  0]
 [ 0  0  0 ...,  0  0 15]]
    

    LinearSVC
    c: 7.5 error penalty
    accuracy: 0.641523525019
    precision: 0.643666391062
    Matrix:

[[ 9  3  0 ...,  0  0  0]
 [ 0 18  0 ...,  0  0  0]
 [ 5  0  6 ...,  0  2  0]
 ..., 
 [ 0  0  0 ..., 18  0  0]
 [ 0  0  2 ...,  0 13  0]
 [ 0  0  0 ...,  0  0 15]]
    

    LinearSVC
    c: 8.0 error penalty
    accuracy: 0.642270351008
    precision: 0.64524559886
    Matrix:

[[ 9  3  0 ...,  0  0  0]
 [ 0 18  0 ...,  0  0  0]
 [ 5  0  6 ...,  0  2  0]
 ..., 
 [ 0  0  0 ..., 19  0  0]
 [ 0  0  2 ...,  0 13  0]
 [ 0  0  0 ...,  0  0 15]]
    

    LinearSVC
    c: 8.5 error penalty
    accuracy: 0.641523525019
    precision: 0.643731745609
    Matrix:

[[ 9  3  0 ...,  0  0  0]
 [ 0 17  0 ...,  0  0  0]
 [ 5  0  6 ...,  0  2  0]
 ..., 
 [ 0  0  0 ..., 19  0  0]
 [ 0  0  2 ...,  0 13  0]
 [ 0  0  0 ...,  0  0 15]]
    

    LinearSVC
    c: 9.0 error penalty
    accuracy: 0.63928304705
    precision: 0.642931534037
    Matrix:

[[ 9  3  0 ...,  0  0  0]
 [ 0 18  0 ...,  0  0  0]
 [ 5  0  6 ...,  0  2  0]
 ..., 
 [ 0  0  0 ..., 19  0  0]
 [ 0  0  2 ...,  0 13  0]
 [ 0  0  0 ...,  0  0 15]]
    

    LinearSVC
    c: 9.5 error penalty
    accuracy: 0.642270351008
    precision: 0.644630796638
    Matrix:

[[ 9  3  0 ...,  0  0  0]
 [ 0 18  0 ...,  0  0  0]
 [ 5  0  6 ...,  0  2  0]
 ..., 
 [ 0  0  0 ..., 19  0  0]
 [ 0  0  2 ...,  0 13  0]
 [ 0  0  0 ...,  0  0 15]]
    

    LinearSVC
    c: 10.0 error penalty
    accuracy: 0.643017176998
    precision: 0.646251587787
    Matrix:

[[ 9  3  0 ...,  0  0  0]
 [ 0 18  0 ...,  0  0  0]
 [ 5  0  6 ...,  0  2  0]
 ..., 
 [ 0  0  0 ..., 19  0  0]
 [ 0  0  2 ...,  0 14  0]
 [ 0  0  0 ...,  0  0 15]]
    
